<?xml version="1.0" encoding="UTF-8"?>
<testsuite xmlns:xsi="http://www.w3.org/2001/XMLSchema-instance" xsi:noNamespaceSchemaLocation="https://maven.apache.org/surefire/maven-surefire-plugin/xsd/surefire-test-report.xsd" name="com.point.webserviceTest.WeedFSTest" time="2.626" tests="1" errors="1" skipped="0" failures="0">
  <properties>
    <property name="gopherProxySet" value="false"/>
    <property name="awt.toolkit" value="sun.lwawt.macosx.LWCToolkit"/>
    <property name="file.encoding.pkg" value="sun.io"/>
    <property name="java.specification.version" value="1.8"/>
    <property name="sun.cpu.isalist" value=""/>
    <property name="sun.jnu.encoding" value="UTF-8"/>
    <property name="java.class.path" value="/Users/huixing/githubProject/HOT-CAMERA/webservice/target/test-classes:/Users/huixing/githubProject/HOT-CAMERA/webservice/target/classes:/Users/huixing/repository/com/point/db/1.0-SNAPSHOT/db-1.0-SNAPSHOT.jar:/Users/huixing/repository/org/mybatis/spring/boot/mybatis-spring-boot-starter/1.3.2/mybatis-spring-boot-starter-1.3.2.jar:/Users/huixing/repository/org/mybatis/spring/boot/mybatis-spring-boot-autoconfigure/1.3.2/mybatis-spring-boot-autoconfigure-1.3.2.jar:/Users/huixing/repository/org/mybatis/mybatis/3.4.6/mybatis-3.4.6.jar:/Users/huixing/repository/org/mybatis/mybatis-spring/1.3.2/mybatis-spring-1.3.2.jar:/Users/huixing/repository/com/alibaba/druid/1.0.18/druid-1.0.18.jar:/Library/Java/JavaVirtualMachines/jdk1.8.0_171.jdk/Contents/Home/jre/../lib/jconsole.jar:/Library/Java/JavaVirtualMachines/jdk1.8.0_171.jdk/Contents/Home/jre/../lib/tools.jar:/Users/huixing/repository/com/point/common/1.0-SNAPSHOT/common-1.0-SNAPSHOT.jar:/Users/huixing/repository/org/springframework/boot/spring-boot-starter/2.2.0.RELEASE/spring-boot-starter-2.2.0.RELEASE.jar:/Users/huixing/repository/org/springframework/boot/spring-boot-starter-logging/2.2.0.RELEASE/spring-boot-starter-logging-2.2.0.RELEASE.jar:/Users/huixing/repository/ch/qos/logback/logback-classic/1.2.3/logback-classic-1.2.3.jar:/Users/huixing/repository/ch/qos/logback/logback-core/1.2.3/logback-core-1.2.3.jar:/Users/huixing/repository/org/apache/logging/log4j/log4j-to-slf4j/2.12.1/log4j-to-slf4j-2.12.1.jar:/Users/huixing/repository/org/apache/logging/log4j/log4j-api/2.12.1/log4j-api-2.12.1.jar:/Users/huixing/repository/org/slf4j/jul-to-slf4j/1.7.28/jul-to-slf4j-1.7.28.jar:/Users/huixing/repository/jakarta/annotation/jakarta.annotation-api/1.3.5/jakarta.annotation-api-1.3.5.jar:/Users/huixing/repository/org/yaml/snakeyaml/1.25/snakeyaml-1.25.jar:/Users/huixing/repository/org/springframework/boot/spring-boot-starter-jdbc/2.2.0.RELEASE/spring-boot-starter-jdbc-2.2.0.RELEASE.jar:/Users/huixing/repository/com/zaxxer/HikariCP/3.4.1/HikariCP-3.4.1.jar:/Users/huixing/repository/org/springframework/spring-jdbc/5.2.0.RELEASE/spring-jdbc-5.2.0.RELEASE.jar:/Users/huixing/repository/commons-lang/commons-lang/2.5/commons-lang-2.5.jar:/Users/huixing/repository/org/springframework/spring-web/5.2.0.RELEASE/spring-web-5.2.0.RELEASE.jar:/Users/huixing/repository/org/springframework/spring-beans/5.2.0.RELEASE/spring-beans-5.2.0.RELEASE.jar:/Users/huixing/repository/org/msgpack/msgpack/0.6.12/msgpack-0.6.12.jar:/Users/huixing/repository/com/googlecode/json-simple/json-simple/1.1.1/json-simple-1.1.1.jar:/Users/huixing/repository/org/javassist/javassist/3.18.1-GA/javassist-3.18.1-GA.jar:/Users/huixing/repository/commons-codec/commons-codec/1.13/commons-codec-1.13.jar:/Users/huixing/repository/redis/clients/jedis/3.1.0/jedis-3.1.0.jar:/Users/huixing/repository/org/apache/commons/commons-pool2/2.7.0/commons-pool2-2.7.0.jar:/Users/huixing/repository/commons-beanutils/commons-beanutils/1.9.3/commons-beanutils-1.9.3.jar:/Users/huixing/repository/commons-logging/commons-logging/1.2/commons-logging-1.2.jar:/Users/huixing/repository/commons-collections/commons-collections/3.2.2/commons-collections-3.2.2.jar:/Users/huixing/repository/org/apache/hadoop/hadoop-common/2.2.0/hadoop-common-2.2.0.jar:/Users/huixing/repository/org/apache/hadoop/hadoop-annotations/2.2.0/hadoop-annotations-2.2.0.jar:/Users/huixing/repository/commons-cli/commons-cli/1.2/commons-cli-1.2.jar:/Users/huixing/repository/org/apache/commons/commons-math/2.1/commons-math-2.1.jar:/Users/huixing/repository/xmlenc/xmlenc/0.52/xmlenc-0.52.jar:/Users/huixing/repository/commons-httpclient/commons-httpclient/3.1/commons-httpclient-3.1.jar:/Users/huixing/repository/commons-io/commons-io/2.1/commons-io-2.1.jar:/Users/huixing/repository/commons-net/commons-net/3.1/commons-net-3.1.jar:/Users/huixing/repository/org/mortbay/jetty/jetty/6.1.26/jetty-6.1.26.jar:/Users/huixing/repository/org/mortbay/jetty/jetty-util/6.1.26/jetty-util-6.1.26.jar:/Users/huixing/repository/com/sun/jersey/jersey-core/1.9/jersey-core-1.9.jar:/Users/huixing/repository/com/sun/jersey/jersey-json/1.9/jersey-json-1.9.jar:/Users/huixing/repository/org/codehaus/jettison/jettison/1.1/jettison-1.1.jar:/Users/huixing/repository/stax/stax-api/1.0.1/stax-api-1.0.1.jar:/Users/huixing/repository/com/sun/xml/bind/jaxb-impl/2.2.3-1/jaxb-impl-2.2.3-1.jar:/Users/huixing/repository/javax/xml/bind/jaxb-api/2.3.1/jaxb-api-2.3.1.jar:/Users/huixing/repository/javax/activation/javax.activation-api/1.2.0/javax.activation-api-1.2.0.jar:/Users/huixing/repository/org/codehaus/jackson/jackson-jaxrs/1.8.3/jackson-jaxrs-1.8.3.jar:/Users/huixing/repository/org/codehaus/jackson/jackson-xc/1.8.3/jackson-xc-1.8.3.jar:/Users/huixing/repository/com/sun/jersey/jersey-server/1.9/jersey-server-1.9.jar:/Users/huixing/repository/asm/asm/3.1/asm-3.1.jar:/Users/huixing/repository/tomcat/jasper-compiler/5.5.23/jasper-compiler-5.5.23.jar:/Users/huixing/repository/tomcat/jasper-runtime/5.5.23/jasper-runtime-5.5.23.jar:/Users/huixing/repository/javax/servlet/jsp/jsp-api/2.1/jsp-api-2.1.jar:/Users/huixing/repository/commons-el/commons-el/1.0/commons-el-1.0.jar:/Users/huixing/repository/log4j/log4j/1.2.17/log4j-1.2.17.jar:/Users/huixing/repository/net/java/dev/jets3t/jets3t/0.6.1/jets3t-0.6.1.jar:/Users/huixing/repository/commons-configuration/commons-configuration/1.6/commons-configuration-1.6.jar:/Users/huixing/repository/commons-digester/commons-digester/1.8/commons-digester-1.8.jar:/Users/huixing/repository/commons-beanutils/commons-beanutils-core/1.8.0/commons-beanutils-core-1.8.0.jar:/Users/huixing/repository/org/slf4j/slf4j-log4j12/1.7.28/slf4j-log4j12-1.7.28.jar:/Users/huixing/repository/org/codehaus/jackson/jackson-core-asl/1.8.8/jackson-core-asl-1.8.8.jar:/Users/huixing/repository/org/codehaus/jackson/jackson-mapper-asl/1.8.8/jackson-mapper-asl-1.8.8.jar:/Users/huixing/repository/org/apache/avro/avro/1.7.4/avro-1.7.4.jar:/Users/huixing/repository/com/thoughtworks/paranamer/paranamer/2.3/paranamer-2.3.jar:/Users/huixing/repository/com/google/protobuf/protobuf-java/2.5.0/protobuf-java-2.5.0.jar:/Users/huixing/repository/org/apache/hadoop/hadoop-auth/2.2.0/hadoop-auth-2.2.0.jar:/Users/huixing/repository/com/jcraft/jsch/0.1.42/jsch-0.1.42.jar:/Users/huixing/repository/org/apache/zookeeper/zookeeper/3.4.5/zookeeper-3.4.5.jar:/Users/huixing/repository/org/apache/commons/commons-compress/1.4.1/commons-compress-1.4.1.jar:/Users/huixing/repository/org/tukaani/xz/1.0/xz-1.0.jar:/Users/huixing/repository/jcifs/jcifs/1.3.17/jcifs-1.3.17.jar:/Users/huixing/repository/org/lokra/seaweedfs/seaweedfs-client/0.7.3.RELEASE/seaweedfs-client-0.7.3.RELEASE.jar:/Users/huixing/repository/com/fasterxml/jackson/core/jackson-databind/2.10.0/jackson-databind-2.10.0.jar:/Users/huixing/repository/com/fasterxml/jackson/core/jackson-annotations/2.10.0/jackson-annotations-2.10.0.jar:/Users/huixing/repository/com/fasterxml/jackson/core/jackson-core/2.10.0/jackson-core-2.10.0.jar:/Users/huixing/repository/org/apache/httpcomponents/httpclient/4.5.10/httpclient-4.5.10.jar:/Users/huixing/repository/org/apache/httpcomponents/httpcore/4.4.12/httpcore-4.4.12.jar:/Users/huixing/repository/org/apache/httpcomponents/httpmime/4.5.10/httpmime-4.5.10.jar:/Users/huixing/repository/org/apache/httpcomponents/httpclient-cache/4.5.10/httpclient-cache-4.5.10.jar:/Users/huixing/repository/org/ehcache/ehcache/3.8.1/ehcache-3.8.1.jar:/Users/huixing/repository/org/glassfish/jaxb/jaxb-runtime/2.3.2/jaxb-runtime-2.3.2.jar:/Users/huixing/repository/org/glassfish/jaxb/txw2/2.3.2/txw2-2.3.2.jar:/Users/huixing/repository/com/sun/istack/istack-commons-runtime/3.0.8/istack-commons-runtime-3.0.8.jar:/Users/huixing/repository/org/jvnet/staxex/stax-ex/1.8.1/stax-ex-1.8.1.jar:/Users/huixing/repository/com/sun/xml/fastinfoset/FastInfoset/1.2.16/FastInfoset-1.2.16.jar:/Users/huixing/repository/net/java/dev/jna/jna/4.5.2/jna-4.5.2.jar:/Users/huixing/repository/javax/validation/validation-api/2.0.1.Final/validation-api-2.0.1.Final.jar:/Users/huixing/repository/com/alibaba/fastjson/1.2.41/fastjson-1.2.41.jar:/Users/huixing/repository/javax/mail/mail/1.4/mail-1.4.jar:/Users/huixing/repository/javax/activation/activation/1.1/activation-1.1.jar:/Users/huixing/repository/de/flapdoodle/embed/de.flapdoodle.embed.process/2.0.1/de.flapdoodle.embed.process-2.0.1.jar:/Users/huixing/repository/org/apache/commons/commons-lang3/3.9/commons-lang3-3.9.jar:/Users/huixing/repository/net/java/dev/jna/jna-platform/4.5.2/jna-platform-4.5.2.jar:/Users/huixing/repository/dom4j/dom4j/1.6.1/dom4j-1.6.1.jar:/Users/huixing/repository/xml-apis/xml-apis/1.0.b2/xml-apis-1.0.b2.jar:/Users/huixing/repository/com/google/guava/guava/23.4-jre/guava-23.4-jre.jar:/Users/huixing/repository/com/google/code/findbugs/jsr305/1.3.9/jsr305-1.3.9.jar:/Users/huixing/repository/com/google/errorprone/error_prone_annotations/2.0.18/error_prone_annotations-2.0.18.jar:/Users/huixing/repository/com/google/j2objc/j2objc-annotations/1.1/j2objc-annotations-1.1.jar:/Users/huixing/repository/org/codehaus/mojo/animal-sniffer-annotations/1.14/animal-sniffer-annotations-1.14.jar:/Users/huixing/repository/mysql/mysql-connector-java/8.0.18/mysql-connector-java-8.0.18.jar:/Users/huixing/repository/org/apache/phoenix/phoenix-core/4.9.0-HBase-1.2/phoenix-core-4.9.0-HBase-1.2.jar:/Users/huixing/repository/org/apache/tephra/tephra-api/0.9.0-incubating/tephra-api-0.9.0-incubating.jar:/Users/huixing/repository/org/apache/tephra/tephra-core/0.9.0-incubating/tephra-core-0.9.0-incubating.jar:/Users/huixing/repository/com/google/inject/guice/3.0/guice-3.0.jar:/Users/huixing/repository/javax/inject/javax.inject/1/javax.inject-1.jar:/Users/huixing/repository/aopalliance/aopalliance/1.0/aopalliance-1.0.jar:/Users/huixing/repository/com/google/inject/extensions/guice-assistedinject/3.0/guice-assistedinject-3.0.jar:/Users/huixing/repository/org/apache/thrift/libthrift/0.9.0/libthrift-0.9.0.jar:/Users/huixing/repository/it/unimi/dsi/fastutil/6.5.6/fastutil-6.5.6.jar:/Users/huixing/repository/org/apache/twill/twill-common/0.6.0-incubating/twill-common-0.6.0-incubating.jar:/Users/huixing/repository/org/apache/twill/twill-core/0.6.0-incubating/twill-core-0.6.0-incubating.jar:/Users/huixing/repository/org/apache/twill/twill-api/0.6.0-incubating/twill-api-0.6.0-incubating.jar:/Users/huixing/repository/org/ow2/asm/asm-all/5.0.2/asm-all-5.0.2.jar:/Users/huixing/repository/org/apache/twill/twill-discovery-api/0.6.0-incubating/twill-discovery-api-0.6.0-incubating.jar:/Users/huixing/repository/org/apache/twill/twill-discovery-core/0.6.0-incubating/twill-discovery-core-0.6.0-incubating.jar:/Users/huixing/repository/org/apache/twill/twill-zookeeper/0.6.0-incubating/twill-zookeeper-0.6.0-incubating.jar:/Users/huixing/repository/io/dropwizard/metrics/metrics-core/4.1.0/metrics-core-4.1.0.jar:/Users/huixing/repository/org/apache/tephra/tephra-hbase-compat-1.1/0.9.0-incubating/tephra-hbase-compat-1.1-0.9.0-incubating.jar:/Users/huixing/repository/org/antlr/antlr-runtime/3.5.2/antlr-runtime-3.5.2.jar:/Users/huixing/repository/jline/jline/2.11/jline-2.11.jar:/Users/huixing/repository/sqlline/sqlline/1.2.0/sqlline-1.2.0.jar:/Users/huixing/repository/joda-time/joda-time/2.10.4/joda-time-2.10.4.jar:/Users/huixing/repository/com/github/stephenc/findbugs/findbugs-annotations/1.3.9-1/findbugs-annotations-1.3.9-1.jar:/Users/huixing/repository/com/github/stephenc/jcip/jcip-annotations/1.0-1/jcip-annotations-1.0-1.jar:/Users/huixing/repository/org/iq80/snappy/snappy/0.3/snappy-0.3.jar:/Users/huixing/repository/org/apache/htrace/htrace-core/3.1.0-incubating/htrace-core-3.1.0-incubating.jar:/Users/huixing/repository/io/netty/netty-all/4.1.42.Final/netty-all-4.1.42.Final.jar:/Users/huixing/repository/org/apache/commons/commons-csv/1.0/commons-csv-1.0.jar:/Users/huixing/repository/org/apache/hbase/hbase-annotations/1.2.0/hbase-annotations-1.2.0.jar:/Library/Java/JavaVirtualMachines/jdk1.8.0_171.jdk/Contents/Home/jre/../lib/tools.jar:/Users/huixing/repository/org/apache/hbase/hbase-common/1.2.0/hbase-common-1.2.0.jar:/Users/huixing/repository/org/apache/hbase/hbase-protocol/1.2.0/hbase-protocol-1.2.0.jar:/Users/huixing/repository/org/apache/hbase/hbase-client/1.2.0/hbase-client-1.2.0.jar:/Users/huixing/repository/org/jruby/jcodings/jcodings/1.0.8/jcodings-1.0.8.jar:/Users/huixing/repository/org/apache/hbase/hbase-server/1.2.0/hbase-server-1.2.0.jar:/Users/huixing/repository/org/apache/hbase/hbase-procedure/1.2.0/hbase-procedure-1.2.0.jar:/Users/huixing/repository/org/apache/hbase/hbase-common/1.2.0/hbase-common-1.2.0-tests.jar:/Users/huixing/repository/org/apache/hbase/hbase-prefix-tree/1.2.0/hbase-prefix-tree-1.2.0.jar:/Users/huixing/repository/org/apache/hbase/hbase-hadoop2-compat/1.2.0/hbase-hadoop2-compat-1.2.0.jar:/Users/huixing/repository/org/mortbay/jetty/jetty-sslengine/6.1.26/jetty-sslengine-6.1.26.jar:/Users/huixing/repository/org/mortbay/jetty/jsp-2.1/6.1.14/jsp-2.1-6.1.14.jar:/Users/huixing/repository/org/mortbay/jetty/jsp-api-2.1/6.1.14/jsp-api-2.1-6.1.14.jar:/Users/huixing/repository/org/jamon/jamon-runtime/2.4.1/jamon-runtime-2.4.1.jar:/Users/huixing/repository/com/lmax/disruptor/3.3.0/disruptor-3.3.0.jar:/Users/huixing/repository/org/owasp/esapi/esapi/2.1.0/esapi-2.1.0.jar:/Users/huixing/repository/commons-fileupload/commons-fileupload/1.2/commons-fileupload-1.2.jar:/Users/huixing/repository/org/beanshell/bsh-core/2.0b4/bsh-core-2.0b4.jar:/Users/huixing/repository/org/owasp/antisamy/antisamy/1.4.3/antisamy-1.4.3.jar:/Users/huixing/repository/org/apache/xmlgraphics/batik-css/1.7/batik-css-1.7.jar:/Users/huixing/repository/org/apache/xmlgraphics/batik-ext/1.7/batik-ext-1.7.jar:/Users/huixing/repository/org/apache/xmlgraphics/batik-util/1.7/batik-util-1.7.jar:/Users/huixing/repository/xml-apis/xml-apis-ext/1.3.04/xml-apis-ext-1.3.04.jar:/Users/huixing/repository/net/sourceforge/nekohtml/nekohtml/1.9.22/nekohtml-1.9.22.jar:/Users/huixing/repository/org/apache/hadoop/hadoop-client/2.5.1/hadoop-client-2.5.1.jar:/Users/huixing/repository/org/apache/hadoop/hadoop-mapreduce-client-app/2.5.1/hadoop-mapreduce-client-app-2.5.1.jar:/Users/huixing/repository/org/apache/hadoop/hadoop-mapreduce-client-common/2.5.1/hadoop-mapreduce-client-common-2.5.1.jar:/Users/huixing/repository/org/apache/hadoop/hadoop-yarn-client/2.5.1/hadoop-yarn-client-2.5.1.jar:/Users/huixing/repository/org/apache/hadoop/hadoop-yarn-server-common/2.5.1/hadoop-yarn-server-common-2.5.1.jar:/Users/huixing/repository/org/apache/hadoop/hadoop-mapreduce-client-shuffle/2.5.1/hadoop-mapreduce-client-shuffle-2.5.1.jar:/Users/huixing/repository/org/fusesource/leveldbjni/leveldbjni-all/1.8/leveldbjni-all-1.8.jar:/Users/huixing/repository/org/apache/hadoop/hadoop-yarn-api/2.5.1/hadoop-yarn-api-2.5.1.jar:/Users/huixing/repository/org/apache/hadoop/hadoop-mapreduce-client-jobclient/2.5.1/hadoop-mapreduce-client-jobclient-2.5.1.jar:/Users/huixing/repository/org/apache/hadoop/hadoop-hdfs/2.5.1/hadoop-hdfs-2.5.1.jar:/Users/huixing/repository/commons-daemon/commons-daemon/1.0.13/commons-daemon-1.0.13.jar:/Users/huixing/repository/org/apache/hbase/hbase-hadoop-compat/1.2.0/hbase-hadoop-compat-1.2.0.jar:/Users/huixing/repository/org/apache/hadoop/hadoop-mapreduce-client-core/2.7.1/hadoop-mapreduce-client-core-2.7.1.jar:/Users/huixing/repository/org/apache/hadoop/hadoop-yarn-common/2.7.1/hadoop-yarn-common-2.7.1.jar:/Users/huixing/repository/com/sun/jersey/jersey-client/1.9/jersey-client-1.9.jar:/Users/huixing/repository/com/sun/jersey/contribs/jersey-guice/1.9/jersey-guice-1.9.jar:/Users/huixing/repository/com/google/inject/extensions/guice-servlet/3.0/guice-servlet-3.0.jar:/Users/huixing/repository/io/netty/netty/3.6.2.Final/netty-3.6.2.Final.jar:/Users/huixing/repository/org/jruby/joni/joni/2.1.2/joni-2.1.2.jar:/Users/huixing/repository/com/microsoft/sqlserver/mssql-jdbc/7.4.1.jre8/mssql-jdbc-7.4.1.jre8.jar:/Users/huixing/repository/org/xerial/sqlite-jdbc/3.28.0/sqlite-jdbc-3.28.0.jar:/Users/huixing/repository/org/apache/ant/ant/1.9.7/ant-1.9.7.jar:/Users/huixing/repository/org/apache/ant/ant-launcher/1.9.7/ant-launcher-1.9.7.jar:/Users/huixing/repository/junit/junit/4.12/junit-4.12.jar:/Users/huixing/repository/org/hamcrest/hamcrest-core/2.1/hamcrest-core-2.1.jar:/Users/huixing/repository/org/apache/kafka/kafka-clients/2.3.0/kafka-clients-2.3.0.jar:/Users/huixing/repository/com/github/luben/zstd-jni/1.4.0-1/zstd-jni-1.4.0-1.jar:/Users/huixing/repository/org/lz4/lz4-java/1.6.0/lz4-java-1.6.0.jar:/Users/huixing/repository/org/xerial/snappy/snappy-java/1.1.7.3/snappy-java-1.1.7.3.jar:/Users/huixing/repository/org/slf4j/slf4j-api/1.7.28/slf4j-api-1.7.28.jar:/Users/huixing/repository/org/springframework/boot/spring-boot-starter-web/2.2.0.RELEASE/spring-boot-starter-web-2.2.0.RELEASE.jar:/Users/huixing/repository/org/springframework/boot/spring-boot-starter-json/2.2.0.RELEASE/spring-boot-starter-json-2.2.0.RELEASE.jar:/Users/huixing/repository/com/fasterxml/jackson/datatype/jackson-datatype-jdk8/2.10.0/jackson-datatype-jdk8-2.10.0.jar:/Users/huixing/repository/com/fasterxml/jackson/datatype/jackson-datatype-jsr310/2.10.0/jackson-datatype-jsr310-2.10.0.jar:/Users/huixing/repository/com/fasterxml/jackson/module/jackson-module-parameter-names/2.10.0/jackson-module-parameter-names-2.10.0.jar:/Users/huixing/repository/org/springframework/boot/spring-boot-starter-tomcat/2.2.0.RELEASE/spring-boot-starter-tomcat-2.2.0.RELEASE.jar:/Users/huixing/repository/org/apache/tomcat/embed/tomcat-embed-core/9.0.27/tomcat-embed-core-9.0.27.jar:/Users/huixing/repository/org/apache/tomcat/embed/tomcat-embed-el/9.0.27/tomcat-embed-el-9.0.27.jar:/Users/huixing/repository/org/apache/tomcat/embed/tomcat-embed-websocket/9.0.27/tomcat-embed-websocket-9.0.27.jar:/Users/huixing/repository/org/springframework/boot/spring-boot-starter-validation/2.2.0.RELEASE/spring-boot-starter-validation-2.2.0.RELEASE.jar:/Users/huixing/repository/jakarta/validation/jakarta.validation-api/2.0.1/jakarta.validation-api-2.0.1.jar:/Users/huixing/repository/org/hibernate/validator/hibernate-validator/6.0.17.Final/hibernate-validator-6.0.17.Final.jar:/Users/huixing/repository/org/jboss/logging/jboss-logging/3.4.1.Final/jboss-logging-3.4.1.Final.jar:/Users/huixing/repository/com/fasterxml/classmate/1.5.0/classmate-1.5.0.jar:/Users/huixing/repository/org/springframework/spring-webmvc/5.2.0.RELEASE/spring-webmvc-5.2.0.RELEASE.jar:/Users/huixing/repository/org/springframework/spring-aop/5.2.0.RELEASE/spring-aop-5.2.0.RELEASE.jar:/Users/huixing/repository/org/springframework/spring-expression/5.2.0.RELEASE/spring-expression-5.2.0.RELEASE.jar:/Users/huixing/repository/org/springframework/boot/spring-boot-starter-websocket/2.2.0.RELEASE/spring-boot-starter-websocket-2.2.0.RELEASE.jar:/Users/huixing/repository/org/springframework/spring-messaging/5.2.0.RELEASE/spring-messaging-5.2.0.RELEASE.jar:/Users/huixing/repository/org/springframework/spring-websocket/5.2.0.RELEASE/spring-websocket-5.2.0.RELEASE.jar:/Users/huixing/repository/org/apache/kafka/kafka-streams/2.3.0/kafka-streams-2.3.0.jar:/Users/huixing/repository/org/apache/kafka/connect-json/2.3.0/connect-json-2.3.0.jar:/Users/huixing/repository/org/apache/kafka/connect-api/2.3.0/connect-api-2.3.0.jar:/Users/huixing/repository/org/rocksdb/rocksdbjni/5.18.3/rocksdbjni-5.18.3.jar:/Users/huixing/repository/org/springframework/kafka/spring-kafka/2.3.1.RELEASE/spring-kafka-2.3.1.RELEASE.jar:/Users/huixing/repository/org/springframework/retry/spring-retry/1.2.4.RELEASE/spring-retry-1.2.4.RELEASE.jar:/Users/huixing/repository/org/springframework/spring-context/5.2.0.RELEASE/spring-context-5.2.0.RELEASE.jar:/Users/huixing/repository/org/springframework/spring-tx/5.2.0.RELEASE/spring-tx-5.2.0.RELEASE.jar:/Users/huixing/repository/com/google/code/gson/gson/2.8.2/gson-2.8.2.jar:/Users/huixing/repository/org/springframework/boot/spring-boot-devtools/2.2.0.RELEASE/spring-boot-devtools-2.2.0.RELEASE.jar:/Users/huixing/repository/org/springframework/boot/spring-boot/2.2.0.RELEASE/spring-boot-2.2.0.RELEASE.jar:/Users/huixing/repository/org/springframework/boot/spring-boot-autoconfigure/2.2.0.RELEASE/spring-boot-autoconfigure-2.2.0.RELEASE.jar:/Users/huixing/repository/org/projectlombok/lombok/1.18.10/lombok-1.18.10.jar:/Users/huixing/repository/org/springframework/boot/spring-boot-starter-test/2.2.0.RELEASE/spring-boot-starter-test-2.2.0.RELEASE.jar:/Users/huixing/repository/org/springframework/boot/spring-boot-test/2.2.0.RELEASE/spring-boot-test-2.2.0.RELEASE.jar:/Users/huixing/repository/org/springframework/boot/spring-boot-test-autoconfigure/2.2.0.RELEASE/spring-boot-test-autoconfigure-2.2.0.RELEASE.jar:/Users/huixing/repository/com/jayway/jsonpath/json-path/2.4.0/json-path-2.4.0.jar:/Users/huixing/repository/net/minidev/json-smart/2.3/json-smart-2.3.jar:/Users/huixing/repository/net/minidev/accessors-smart/1.2/accessors-smart-1.2.jar:/Users/huixing/repository/org/ow2/asm/asm/5.0.4/asm-5.0.4.jar:/Users/huixing/repository/jakarta/xml/bind/jakarta.xml.bind-api/2.3.2/jakarta.xml.bind-api-2.3.2.jar:/Users/huixing/repository/jakarta/activation/jakarta.activation-api/1.2.1/jakarta.activation-api-1.2.1.jar:/Users/huixing/repository/org/assertj/assertj-core/3.13.2/assertj-core-3.13.2.jar:/Users/huixing/repository/org/hamcrest/hamcrest/2.1/hamcrest-2.1.jar:/Users/huixing/repository/org/mockito/mockito-core/3.1.0/mockito-core-3.1.0.jar:/Users/huixing/repository/net/bytebuddy/byte-buddy/1.10.1/byte-buddy-1.10.1.jar:/Users/huixing/repository/net/bytebuddy/byte-buddy-agent/1.10.1/byte-buddy-agent-1.10.1.jar:/Users/huixing/repository/org/objenesis/objenesis/2.6/objenesis-2.6.jar:/Users/huixing/repository/org/skyscreamer/jsonassert/1.5.0/jsonassert-1.5.0.jar:/Users/huixing/repository/com/vaadin/external/google/android-json/0.0.20131108.vaadin1/android-json-0.0.20131108.vaadin1.jar:/Users/huixing/repository/org/springframework/spring-core/5.2.0.RELEASE/spring-core-5.2.0.RELEASE.jar:/Users/huixing/repository/org/springframework/spring-jcl/5.2.0.RELEASE/spring-jcl-5.2.0.RELEASE.jar:/Users/huixing/repository/org/springframework/spring-test/5.2.0.RELEASE/spring-test-5.2.0.RELEASE.jar:/Users/huixing/repository/org/xmlunit/xmlunit-core/2.6.3/xmlunit-core-2.6.3.jar:/Users/huixing/repository/org/springframework/kafka/spring-kafka-test/2.3.1.RELEASE/spring-kafka-test-2.3.1.RELEASE.jar:/Users/huixing/repository/org/apache/kafka/kafka-clients/2.3.0/kafka-clients-2.3.0-test.jar:/Users/huixing/repository/org/apache/kafka/kafka-streams-test-utils/2.3.0/kafka-streams-test-utils-2.3.0.jar:/Users/huixing/repository/org/apache/kafka/kafka_2.12/2.3.0/kafka_2.12-2.3.0.jar:/Users/huixing/repository/com/fasterxml/jackson/module/jackson-module-scala_2.12/2.10.0/jackson-module-scala_2.12-2.10.0.jar:/Users/huixing/repository/com/fasterxml/jackson/module/jackson-module-paranamer/2.10.0/jackson-module-paranamer-2.10.0.jar:/Users/huixing/repository/com/fasterxml/jackson/dataformat/jackson-dataformat-csv/2.10.0/jackson-dataformat-csv-2.10.0.jar:/Users/huixing/repository/net/sf/jopt-simple/jopt-simple/5.0.4/jopt-simple-5.0.4.jar:/Users/huixing/repository/com/yammer/metrics/metrics-core/2.2.0/metrics-core-2.2.0.jar:/Users/huixing/repository/org/scala-lang/scala-library/2.12.8/scala-library-2.12.8.jar:/Users/huixing/repository/org/scala-lang/scala-reflect/2.12.8/scala-reflect-2.12.8.jar:/Users/huixing/repository/com/typesafe/scala-logging/scala-logging_2.12/3.9.0/scala-logging_2.12-3.9.0.jar:/Users/huixing/repository/com/101tec/zkclient/0.11/zkclient-0.11.jar:/Users/huixing/repository/org/apache/kafka/kafka_2.12/2.3.0/kafka_2.12-2.3.0-test.jar:"/>
    <property name="java.vm.vendor" value="Oracle Corporation"/>
    <property name="sun.arch.data.model" value="64"/>
    <property name="java.vendor.url" value="http://java.oracle.com/"/>
    <property name="user.timezone" value=""/>
    <property name="user.country.format" value="RU"/>
    <property name="java.vm.specification.version" value="1.8"/>
    <property name="os.name" value="Mac OS X"/>
    <property name="user.country" value="CN"/>
    <property name="sun.java.launcher" value="SUN_STANDARD"/>
    <property name="sun.boot.library.path" value="/Library/Java/JavaVirtualMachines/jdk1.8.0_171.jdk/Contents/Home/jre/lib"/>
    <property name="sun.java.command" value="/Users/huixing/githubProject/HOT-CAMERA/webservice/target/surefire/surefirebooter6882729063374076941.jar /Users/huixing/githubProject/HOT-CAMERA/webservice/target/surefire 2019-11-02T09-02-52_827-jvmRun1 surefire2972810550539710644tmp surefire_01614518677269010188tmp"/>
    <property name="surefire.test.class.path" value="/Users/huixing/githubProject/HOT-CAMERA/webservice/target/test-classes:/Users/huixing/githubProject/HOT-CAMERA/webservice/target/classes:/Users/huixing/repository/com/point/db/1.0-SNAPSHOT/db-1.0-SNAPSHOT.jar:/Users/huixing/repository/org/mybatis/spring/boot/mybatis-spring-boot-starter/1.3.2/mybatis-spring-boot-starter-1.3.2.jar:/Users/huixing/repository/org/mybatis/spring/boot/mybatis-spring-boot-autoconfigure/1.3.2/mybatis-spring-boot-autoconfigure-1.3.2.jar:/Users/huixing/repository/org/mybatis/mybatis/3.4.6/mybatis-3.4.6.jar:/Users/huixing/repository/org/mybatis/mybatis-spring/1.3.2/mybatis-spring-1.3.2.jar:/Users/huixing/repository/com/alibaba/druid/1.0.18/druid-1.0.18.jar:/Library/Java/JavaVirtualMachines/jdk1.8.0_171.jdk/Contents/Home/jre/../lib/jconsole.jar:/Library/Java/JavaVirtualMachines/jdk1.8.0_171.jdk/Contents/Home/jre/../lib/tools.jar:/Users/huixing/repository/com/point/common/1.0-SNAPSHOT/common-1.0-SNAPSHOT.jar:/Users/huixing/repository/org/springframework/boot/spring-boot-starter/2.2.0.RELEASE/spring-boot-starter-2.2.0.RELEASE.jar:/Users/huixing/repository/org/springframework/boot/spring-boot-starter-logging/2.2.0.RELEASE/spring-boot-starter-logging-2.2.0.RELEASE.jar:/Users/huixing/repository/ch/qos/logback/logback-classic/1.2.3/logback-classic-1.2.3.jar:/Users/huixing/repository/ch/qos/logback/logback-core/1.2.3/logback-core-1.2.3.jar:/Users/huixing/repository/org/apache/logging/log4j/log4j-to-slf4j/2.12.1/log4j-to-slf4j-2.12.1.jar:/Users/huixing/repository/org/apache/logging/log4j/log4j-api/2.12.1/log4j-api-2.12.1.jar:/Users/huixing/repository/org/slf4j/jul-to-slf4j/1.7.28/jul-to-slf4j-1.7.28.jar:/Users/huixing/repository/jakarta/annotation/jakarta.annotation-api/1.3.5/jakarta.annotation-api-1.3.5.jar:/Users/huixing/repository/org/yaml/snakeyaml/1.25/snakeyaml-1.25.jar:/Users/huixing/repository/org/springframework/boot/spring-boot-starter-jdbc/2.2.0.RELEASE/spring-boot-starter-jdbc-2.2.0.RELEASE.jar:/Users/huixing/repository/com/zaxxer/HikariCP/3.4.1/HikariCP-3.4.1.jar:/Users/huixing/repository/org/springframework/spring-jdbc/5.2.0.RELEASE/spring-jdbc-5.2.0.RELEASE.jar:/Users/huixing/repository/commons-lang/commons-lang/2.5/commons-lang-2.5.jar:/Users/huixing/repository/org/springframework/spring-web/5.2.0.RELEASE/spring-web-5.2.0.RELEASE.jar:/Users/huixing/repository/org/springframework/spring-beans/5.2.0.RELEASE/spring-beans-5.2.0.RELEASE.jar:/Users/huixing/repository/org/msgpack/msgpack/0.6.12/msgpack-0.6.12.jar:/Users/huixing/repository/com/googlecode/json-simple/json-simple/1.1.1/json-simple-1.1.1.jar:/Users/huixing/repository/org/javassist/javassist/3.18.1-GA/javassist-3.18.1-GA.jar:/Users/huixing/repository/commons-codec/commons-codec/1.13/commons-codec-1.13.jar:/Users/huixing/repository/redis/clients/jedis/3.1.0/jedis-3.1.0.jar:/Users/huixing/repository/org/apache/commons/commons-pool2/2.7.0/commons-pool2-2.7.0.jar:/Users/huixing/repository/commons-beanutils/commons-beanutils/1.9.3/commons-beanutils-1.9.3.jar:/Users/huixing/repository/commons-logging/commons-logging/1.2/commons-logging-1.2.jar:/Users/huixing/repository/commons-collections/commons-collections/3.2.2/commons-collections-3.2.2.jar:/Users/huixing/repository/org/apache/hadoop/hadoop-common/2.2.0/hadoop-common-2.2.0.jar:/Users/huixing/repository/org/apache/hadoop/hadoop-annotations/2.2.0/hadoop-annotations-2.2.0.jar:/Users/huixing/repository/commons-cli/commons-cli/1.2/commons-cli-1.2.jar:/Users/huixing/repository/org/apache/commons/commons-math/2.1/commons-math-2.1.jar:/Users/huixing/repository/xmlenc/xmlenc/0.52/xmlenc-0.52.jar:/Users/huixing/repository/commons-httpclient/commons-httpclient/3.1/commons-httpclient-3.1.jar:/Users/huixing/repository/commons-io/commons-io/2.1/commons-io-2.1.jar:/Users/huixing/repository/commons-net/commons-net/3.1/commons-net-3.1.jar:/Users/huixing/repository/org/mortbay/jetty/jetty/6.1.26/jetty-6.1.26.jar:/Users/huixing/repository/org/mortbay/jetty/jetty-util/6.1.26/jetty-util-6.1.26.jar:/Users/huixing/repository/com/sun/jersey/jersey-core/1.9/jersey-core-1.9.jar:/Users/huixing/repository/com/sun/jersey/jersey-json/1.9/jersey-json-1.9.jar:/Users/huixing/repository/org/codehaus/jettison/jettison/1.1/jettison-1.1.jar:/Users/huixing/repository/stax/stax-api/1.0.1/stax-api-1.0.1.jar:/Users/huixing/repository/com/sun/xml/bind/jaxb-impl/2.2.3-1/jaxb-impl-2.2.3-1.jar:/Users/huixing/repository/javax/xml/bind/jaxb-api/2.3.1/jaxb-api-2.3.1.jar:/Users/huixing/repository/javax/activation/javax.activation-api/1.2.0/javax.activation-api-1.2.0.jar:/Users/huixing/repository/org/codehaus/jackson/jackson-jaxrs/1.8.3/jackson-jaxrs-1.8.3.jar:/Users/huixing/repository/org/codehaus/jackson/jackson-xc/1.8.3/jackson-xc-1.8.3.jar:/Users/huixing/repository/com/sun/jersey/jersey-server/1.9/jersey-server-1.9.jar:/Users/huixing/repository/asm/asm/3.1/asm-3.1.jar:/Users/huixing/repository/tomcat/jasper-compiler/5.5.23/jasper-compiler-5.5.23.jar:/Users/huixing/repository/tomcat/jasper-runtime/5.5.23/jasper-runtime-5.5.23.jar:/Users/huixing/repository/javax/servlet/jsp/jsp-api/2.1/jsp-api-2.1.jar:/Users/huixing/repository/commons-el/commons-el/1.0/commons-el-1.0.jar:/Users/huixing/repository/log4j/log4j/1.2.17/log4j-1.2.17.jar:/Users/huixing/repository/net/java/dev/jets3t/jets3t/0.6.1/jets3t-0.6.1.jar:/Users/huixing/repository/commons-configuration/commons-configuration/1.6/commons-configuration-1.6.jar:/Users/huixing/repository/commons-digester/commons-digester/1.8/commons-digester-1.8.jar:/Users/huixing/repository/commons-beanutils/commons-beanutils-core/1.8.0/commons-beanutils-core-1.8.0.jar:/Users/huixing/repository/org/slf4j/slf4j-log4j12/1.7.28/slf4j-log4j12-1.7.28.jar:/Users/huixing/repository/org/codehaus/jackson/jackson-core-asl/1.8.8/jackson-core-asl-1.8.8.jar:/Users/huixing/repository/org/codehaus/jackson/jackson-mapper-asl/1.8.8/jackson-mapper-asl-1.8.8.jar:/Users/huixing/repository/org/apache/avro/avro/1.7.4/avro-1.7.4.jar:/Users/huixing/repository/com/thoughtworks/paranamer/paranamer/2.3/paranamer-2.3.jar:/Users/huixing/repository/com/google/protobuf/protobuf-java/2.5.0/protobuf-java-2.5.0.jar:/Users/huixing/repository/org/apache/hadoop/hadoop-auth/2.2.0/hadoop-auth-2.2.0.jar:/Users/huixing/repository/com/jcraft/jsch/0.1.42/jsch-0.1.42.jar:/Users/huixing/repository/org/apache/zookeeper/zookeeper/3.4.5/zookeeper-3.4.5.jar:/Users/huixing/repository/org/apache/commons/commons-compress/1.4.1/commons-compress-1.4.1.jar:/Users/huixing/repository/org/tukaani/xz/1.0/xz-1.0.jar:/Users/huixing/repository/jcifs/jcifs/1.3.17/jcifs-1.3.17.jar:/Users/huixing/repository/org/lokra/seaweedfs/seaweedfs-client/0.7.3.RELEASE/seaweedfs-client-0.7.3.RELEASE.jar:/Users/huixing/repository/com/fasterxml/jackson/core/jackson-databind/2.10.0/jackson-databind-2.10.0.jar:/Users/huixing/repository/com/fasterxml/jackson/core/jackson-annotations/2.10.0/jackson-annotations-2.10.0.jar:/Users/huixing/repository/com/fasterxml/jackson/core/jackson-core/2.10.0/jackson-core-2.10.0.jar:/Users/huixing/repository/org/apache/httpcomponents/httpclient/4.5.10/httpclient-4.5.10.jar:/Users/huixing/repository/org/apache/httpcomponents/httpcore/4.4.12/httpcore-4.4.12.jar:/Users/huixing/repository/org/apache/httpcomponents/httpmime/4.5.10/httpmime-4.5.10.jar:/Users/huixing/repository/org/apache/httpcomponents/httpclient-cache/4.5.10/httpclient-cache-4.5.10.jar:/Users/huixing/repository/org/ehcache/ehcache/3.8.1/ehcache-3.8.1.jar:/Users/huixing/repository/org/glassfish/jaxb/jaxb-runtime/2.3.2/jaxb-runtime-2.3.2.jar:/Users/huixing/repository/org/glassfish/jaxb/txw2/2.3.2/txw2-2.3.2.jar:/Users/huixing/repository/com/sun/istack/istack-commons-runtime/3.0.8/istack-commons-runtime-3.0.8.jar:/Users/huixing/repository/org/jvnet/staxex/stax-ex/1.8.1/stax-ex-1.8.1.jar:/Users/huixing/repository/com/sun/xml/fastinfoset/FastInfoset/1.2.16/FastInfoset-1.2.16.jar:/Users/huixing/repository/net/java/dev/jna/jna/4.5.2/jna-4.5.2.jar:/Users/huixing/repository/javax/validation/validation-api/2.0.1.Final/validation-api-2.0.1.Final.jar:/Users/huixing/repository/com/alibaba/fastjson/1.2.41/fastjson-1.2.41.jar:/Users/huixing/repository/javax/mail/mail/1.4/mail-1.4.jar:/Users/huixing/repository/javax/activation/activation/1.1/activation-1.1.jar:/Users/huixing/repository/de/flapdoodle/embed/de.flapdoodle.embed.process/2.0.1/de.flapdoodle.embed.process-2.0.1.jar:/Users/huixing/repository/org/apache/commons/commons-lang3/3.9/commons-lang3-3.9.jar:/Users/huixing/repository/net/java/dev/jna/jna-platform/4.5.2/jna-platform-4.5.2.jar:/Users/huixing/repository/dom4j/dom4j/1.6.1/dom4j-1.6.1.jar:/Users/huixing/repository/xml-apis/xml-apis/1.0.b2/xml-apis-1.0.b2.jar:/Users/huixing/repository/com/google/guava/guava/23.4-jre/guava-23.4-jre.jar:/Users/huixing/repository/com/google/code/findbugs/jsr305/1.3.9/jsr305-1.3.9.jar:/Users/huixing/repository/com/google/errorprone/error_prone_annotations/2.0.18/error_prone_annotations-2.0.18.jar:/Users/huixing/repository/com/google/j2objc/j2objc-annotations/1.1/j2objc-annotations-1.1.jar:/Users/huixing/repository/org/codehaus/mojo/animal-sniffer-annotations/1.14/animal-sniffer-annotations-1.14.jar:/Users/huixing/repository/mysql/mysql-connector-java/8.0.18/mysql-connector-java-8.0.18.jar:/Users/huixing/repository/org/apache/phoenix/phoenix-core/4.9.0-HBase-1.2/phoenix-core-4.9.0-HBase-1.2.jar:/Users/huixing/repository/org/apache/tephra/tephra-api/0.9.0-incubating/tephra-api-0.9.0-incubating.jar:/Users/huixing/repository/org/apache/tephra/tephra-core/0.9.0-incubating/tephra-core-0.9.0-incubating.jar:/Users/huixing/repository/com/google/inject/guice/3.0/guice-3.0.jar:/Users/huixing/repository/javax/inject/javax.inject/1/javax.inject-1.jar:/Users/huixing/repository/aopalliance/aopalliance/1.0/aopalliance-1.0.jar:/Users/huixing/repository/com/google/inject/extensions/guice-assistedinject/3.0/guice-assistedinject-3.0.jar:/Users/huixing/repository/org/apache/thrift/libthrift/0.9.0/libthrift-0.9.0.jar:/Users/huixing/repository/it/unimi/dsi/fastutil/6.5.6/fastutil-6.5.6.jar:/Users/huixing/repository/org/apache/twill/twill-common/0.6.0-incubating/twill-common-0.6.0-incubating.jar:/Users/huixing/repository/org/apache/twill/twill-core/0.6.0-incubating/twill-core-0.6.0-incubating.jar:/Users/huixing/repository/org/apache/twill/twill-api/0.6.0-incubating/twill-api-0.6.0-incubating.jar:/Users/huixing/repository/org/ow2/asm/asm-all/5.0.2/asm-all-5.0.2.jar:/Users/huixing/repository/org/apache/twill/twill-discovery-api/0.6.0-incubating/twill-discovery-api-0.6.0-incubating.jar:/Users/huixing/repository/org/apache/twill/twill-discovery-core/0.6.0-incubating/twill-discovery-core-0.6.0-incubating.jar:/Users/huixing/repository/org/apache/twill/twill-zookeeper/0.6.0-incubating/twill-zookeeper-0.6.0-incubating.jar:/Users/huixing/repository/io/dropwizard/metrics/metrics-core/4.1.0/metrics-core-4.1.0.jar:/Users/huixing/repository/org/apache/tephra/tephra-hbase-compat-1.1/0.9.0-incubating/tephra-hbase-compat-1.1-0.9.0-incubating.jar:/Users/huixing/repository/org/antlr/antlr-runtime/3.5.2/antlr-runtime-3.5.2.jar:/Users/huixing/repository/jline/jline/2.11/jline-2.11.jar:/Users/huixing/repository/sqlline/sqlline/1.2.0/sqlline-1.2.0.jar:/Users/huixing/repository/joda-time/joda-time/2.10.4/joda-time-2.10.4.jar:/Users/huixing/repository/com/github/stephenc/findbugs/findbugs-annotations/1.3.9-1/findbugs-annotations-1.3.9-1.jar:/Users/huixing/repository/com/github/stephenc/jcip/jcip-annotations/1.0-1/jcip-annotations-1.0-1.jar:/Users/huixing/repository/org/iq80/snappy/snappy/0.3/snappy-0.3.jar:/Users/huixing/repository/org/apache/htrace/htrace-core/3.1.0-incubating/htrace-core-3.1.0-incubating.jar:/Users/huixing/repository/io/netty/netty-all/4.1.42.Final/netty-all-4.1.42.Final.jar:/Users/huixing/repository/org/apache/commons/commons-csv/1.0/commons-csv-1.0.jar:/Users/huixing/repository/org/apache/hbase/hbase-annotations/1.2.0/hbase-annotations-1.2.0.jar:/Library/Java/JavaVirtualMachines/jdk1.8.0_171.jdk/Contents/Home/jre/../lib/tools.jar:/Users/huixing/repository/org/apache/hbase/hbase-common/1.2.0/hbase-common-1.2.0.jar:/Users/huixing/repository/org/apache/hbase/hbase-protocol/1.2.0/hbase-protocol-1.2.0.jar:/Users/huixing/repository/org/apache/hbase/hbase-client/1.2.0/hbase-client-1.2.0.jar:/Users/huixing/repository/org/jruby/jcodings/jcodings/1.0.8/jcodings-1.0.8.jar:/Users/huixing/repository/org/apache/hbase/hbase-server/1.2.0/hbase-server-1.2.0.jar:/Users/huixing/repository/org/apache/hbase/hbase-procedure/1.2.0/hbase-procedure-1.2.0.jar:/Users/huixing/repository/org/apache/hbase/hbase-common/1.2.0/hbase-common-1.2.0-tests.jar:/Users/huixing/repository/org/apache/hbase/hbase-prefix-tree/1.2.0/hbase-prefix-tree-1.2.0.jar:/Users/huixing/repository/org/apache/hbase/hbase-hadoop2-compat/1.2.0/hbase-hadoop2-compat-1.2.0.jar:/Users/huixing/repository/org/mortbay/jetty/jetty-sslengine/6.1.26/jetty-sslengine-6.1.26.jar:/Users/huixing/repository/org/mortbay/jetty/jsp-2.1/6.1.14/jsp-2.1-6.1.14.jar:/Users/huixing/repository/org/mortbay/jetty/jsp-api-2.1/6.1.14/jsp-api-2.1-6.1.14.jar:/Users/huixing/repository/org/jamon/jamon-runtime/2.4.1/jamon-runtime-2.4.1.jar:/Users/huixing/repository/com/lmax/disruptor/3.3.0/disruptor-3.3.0.jar:/Users/huixing/repository/org/owasp/esapi/esapi/2.1.0/esapi-2.1.0.jar:/Users/huixing/repository/commons-fileupload/commons-fileupload/1.2/commons-fileupload-1.2.jar:/Users/huixing/repository/org/beanshell/bsh-core/2.0b4/bsh-core-2.0b4.jar:/Users/huixing/repository/org/owasp/antisamy/antisamy/1.4.3/antisamy-1.4.3.jar:/Users/huixing/repository/org/apache/xmlgraphics/batik-css/1.7/batik-css-1.7.jar:/Users/huixing/repository/org/apache/xmlgraphics/batik-ext/1.7/batik-ext-1.7.jar:/Users/huixing/repository/org/apache/xmlgraphics/batik-util/1.7/batik-util-1.7.jar:/Users/huixing/repository/xml-apis/xml-apis-ext/1.3.04/xml-apis-ext-1.3.04.jar:/Users/huixing/repository/net/sourceforge/nekohtml/nekohtml/1.9.22/nekohtml-1.9.22.jar:/Users/huixing/repository/org/apache/hadoop/hadoop-client/2.5.1/hadoop-client-2.5.1.jar:/Users/huixing/repository/org/apache/hadoop/hadoop-mapreduce-client-app/2.5.1/hadoop-mapreduce-client-app-2.5.1.jar:/Users/huixing/repository/org/apache/hadoop/hadoop-mapreduce-client-common/2.5.1/hadoop-mapreduce-client-common-2.5.1.jar:/Users/huixing/repository/org/apache/hadoop/hadoop-yarn-client/2.5.1/hadoop-yarn-client-2.5.1.jar:/Users/huixing/repository/org/apache/hadoop/hadoop-yarn-server-common/2.5.1/hadoop-yarn-server-common-2.5.1.jar:/Users/huixing/repository/org/apache/hadoop/hadoop-mapreduce-client-shuffle/2.5.1/hadoop-mapreduce-client-shuffle-2.5.1.jar:/Users/huixing/repository/org/fusesource/leveldbjni/leveldbjni-all/1.8/leveldbjni-all-1.8.jar:/Users/huixing/repository/org/apache/hadoop/hadoop-yarn-api/2.5.1/hadoop-yarn-api-2.5.1.jar:/Users/huixing/repository/org/apache/hadoop/hadoop-mapreduce-client-jobclient/2.5.1/hadoop-mapreduce-client-jobclient-2.5.1.jar:/Users/huixing/repository/org/apache/hadoop/hadoop-hdfs/2.5.1/hadoop-hdfs-2.5.1.jar:/Users/huixing/repository/commons-daemon/commons-daemon/1.0.13/commons-daemon-1.0.13.jar:/Users/huixing/repository/org/apache/hbase/hbase-hadoop-compat/1.2.0/hbase-hadoop-compat-1.2.0.jar:/Users/huixing/repository/org/apache/hadoop/hadoop-mapreduce-client-core/2.7.1/hadoop-mapreduce-client-core-2.7.1.jar:/Users/huixing/repository/org/apache/hadoop/hadoop-yarn-common/2.7.1/hadoop-yarn-common-2.7.1.jar:/Users/huixing/repository/com/sun/jersey/jersey-client/1.9/jersey-client-1.9.jar:/Users/huixing/repository/com/sun/jersey/contribs/jersey-guice/1.9/jersey-guice-1.9.jar:/Users/huixing/repository/com/google/inject/extensions/guice-servlet/3.0/guice-servlet-3.0.jar:/Users/huixing/repository/io/netty/netty/3.6.2.Final/netty-3.6.2.Final.jar:/Users/huixing/repository/org/jruby/joni/joni/2.1.2/joni-2.1.2.jar:/Users/huixing/repository/com/microsoft/sqlserver/mssql-jdbc/7.4.1.jre8/mssql-jdbc-7.4.1.jre8.jar:/Users/huixing/repository/org/xerial/sqlite-jdbc/3.28.0/sqlite-jdbc-3.28.0.jar:/Users/huixing/repository/org/apache/ant/ant/1.9.7/ant-1.9.7.jar:/Users/huixing/repository/org/apache/ant/ant-launcher/1.9.7/ant-launcher-1.9.7.jar:/Users/huixing/repository/junit/junit/4.12/junit-4.12.jar:/Users/huixing/repository/org/hamcrest/hamcrest-core/2.1/hamcrest-core-2.1.jar:/Users/huixing/repository/org/apache/kafka/kafka-clients/2.3.0/kafka-clients-2.3.0.jar:/Users/huixing/repository/com/github/luben/zstd-jni/1.4.0-1/zstd-jni-1.4.0-1.jar:/Users/huixing/repository/org/lz4/lz4-java/1.6.0/lz4-java-1.6.0.jar:/Users/huixing/repository/org/xerial/snappy/snappy-java/1.1.7.3/snappy-java-1.1.7.3.jar:/Users/huixing/repository/org/slf4j/slf4j-api/1.7.28/slf4j-api-1.7.28.jar:/Users/huixing/repository/org/springframework/boot/spring-boot-starter-web/2.2.0.RELEASE/spring-boot-starter-web-2.2.0.RELEASE.jar:/Users/huixing/repository/org/springframework/boot/spring-boot-starter-json/2.2.0.RELEASE/spring-boot-starter-json-2.2.0.RELEASE.jar:/Users/huixing/repository/com/fasterxml/jackson/datatype/jackson-datatype-jdk8/2.10.0/jackson-datatype-jdk8-2.10.0.jar:/Users/huixing/repository/com/fasterxml/jackson/datatype/jackson-datatype-jsr310/2.10.0/jackson-datatype-jsr310-2.10.0.jar:/Users/huixing/repository/com/fasterxml/jackson/module/jackson-module-parameter-names/2.10.0/jackson-module-parameter-names-2.10.0.jar:/Users/huixing/repository/org/springframework/boot/spring-boot-starter-tomcat/2.2.0.RELEASE/spring-boot-starter-tomcat-2.2.0.RELEASE.jar:/Users/huixing/repository/org/apache/tomcat/embed/tomcat-embed-core/9.0.27/tomcat-embed-core-9.0.27.jar:/Users/huixing/repository/org/apache/tomcat/embed/tomcat-embed-el/9.0.27/tomcat-embed-el-9.0.27.jar:/Users/huixing/repository/org/apache/tomcat/embed/tomcat-embed-websocket/9.0.27/tomcat-embed-websocket-9.0.27.jar:/Users/huixing/repository/org/springframework/boot/spring-boot-starter-validation/2.2.0.RELEASE/spring-boot-starter-validation-2.2.0.RELEASE.jar:/Users/huixing/repository/jakarta/validation/jakarta.validation-api/2.0.1/jakarta.validation-api-2.0.1.jar:/Users/huixing/repository/org/hibernate/validator/hibernate-validator/6.0.17.Final/hibernate-validator-6.0.17.Final.jar:/Users/huixing/repository/org/jboss/logging/jboss-logging/3.4.1.Final/jboss-logging-3.4.1.Final.jar:/Users/huixing/repository/com/fasterxml/classmate/1.5.0/classmate-1.5.0.jar:/Users/huixing/repository/org/springframework/spring-webmvc/5.2.0.RELEASE/spring-webmvc-5.2.0.RELEASE.jar:/Users/huixing/repository/org/springframework/spring-aop/5.2.0.RELEASE/spring-aop-5.2.0.RELEASE.jar:/Users/huixing/repository/org/springframework/spring-expression/5.2.0.RELEASE/spring-expression-5.2.0.RELEASE.jar:/Users/huixing/repository/org/springframework/boot/spring-boot-starter-websocket/2.2.0.RELEASE/spring-boot-starter-websocket-2.2.0.RELEASE.jar:/Users/huixing/repository/org/springframework/spring-messaging/5.2.0.RELEASE/spring-messaging-5.2.0.RELEASE.jar:/Users/huixing/repository/org/springframework/spring-websocket/5.2.0.RELEASE/spring-websocket-5.2.0.RELEASE.jar:/Users/huixing/repository/org/apache/kafka/kafka-streams/2.3.0/kafka-streams-2.3.0.jar:/Users/huixing/repository/org/apache/kafka/connect-json/2.3.0/connect-json-2.3.0.jar:/Users/huixing/repository/org/apache/kafka/connect-api/2.3.0/connect-api-2.3.0.jar:/Users/huixing/repository/org/rocksdb/rocksdbjni/5.18.3/rocksdbjni-5.18.3.jar:/Users/huixing/repository/org/springframework/kafka/spring-kafka/2.3.1.RELEASE/spring-kafka-2.3.1.RELEASE.jar:/Users/huixing/repository/org/springframework/retry/spring-retry/1.2.4.RELEASE/spring-retry-1.2.4.RELEASE.jar:/Users/huixing/repository/org/springframework/spring-context/5.2.0.RELEASE/spring-context-5.2.0.RELEASE.jar:/Users/huixing/repository/org/springframework/spring-tx/5.2.0.RELEASE/spring-tx-5.2.0.RELEASE.jar:/Users/huixing/repository/com/google/code/gson/gson/2.8.2/gson-2.8.2.jar:/Users/huixing/repository/org/springframework/boot/spring-boot-devtools/2.2.0.RELEASE/spring-boot-devtools-2.2.0.RELEASE.jar:/Users/huixing/repository/org/springframework/boot/spring-boot/2.2.0.RELEASE/spring-boot-2.2.0.RELEASE.jar:/Users/huixing/repository/org/springframework/boot/spring-boot-autoconfigure/2.2.0.RELEASE/spring-boot-autoconfigure-2.2.0.RELEASE.jar:/Users/huixing/repository/org/projectlombok/lombok/1.18.10/lombok-1.18.10.jar:/Users/huixing/repository/org/springframework/boot/spring-boot-starter-test/2.2.0.RELEASE/spring-boot-starter-test-2.2.0.RELEASE.jar:/Users/huixing/repository/org/springframework/boot/spring-boot-test/2.2.0.RELEASE/spring-boot-test-2.2.0.RELEASE.jar:/Users/huixing/repository/org/springframework/boot/spring-boot-test-autoconfigure/2.2.0.RELEASE/spring-boot-test-autoconfigure-2.2.0.RELEASE.jar:/Users/huixing/repository/com/jayway/jsonpath/json-path/2.4.0/json-path-2.4.0.jar:/Users/huixing/repository/net/minidev/json-smart/2.3/json-smart-2.3.jar:/Users/huixing/repository/net/minidev/accessors-smart/1.2/accessors-smart-1.2.jar:/Users/huixing/repository/org/ow2/asm/asm/5.0.4/asm-5.0.4.jar:/Users/huixing/repository/jakarta/xml/bind/jakarta.xml.bind-api/2.3.2/jakarta.xml.bind-api-2.3.2.jar:/Users/huixing/repository/jakarta/activation/jakarta.activation-api/1.2.1/jakarta.activation-api-1.2.1.jar:/Users/huixing/repository/org/assertj/assertj-core/3.13.2/assertj-core-3.13.2.jar:/Users/huixing/repository/org/hamcrest/hamcrest/2.1/hamcrest-2.1.jar:/Users/huixing/repository/org/mockito/mockito-core/3.1.0/mockito-core-3.1.0.jar:/Users/huixing/repository/net/bytebuddy/byte-buddy/1.10.1/byte-buddy-1.10.1.jar:/Users/huixing/repository/net/bytebuddy/byte-buddy-agent/1.10.1/byte-buddy-agent-1.10.1.jar:/Users/huixing/repository/org/objenesis/objenesis/2.6/objenesis-2.6.jar:/Users/huixing/repository/org/skyscreamer/jsonassert/1.5.0/jsonassert-1.5.0.jar:/Users/huixing/repository/com/vaadin/external/google/android-json/0.0.20131108.vaadin1/android-json-0.0.20131108.vaadin1.jar:/Users/huixing/repository/org/springframework/spring-core/5.2.0.RELEASE/spring-core-5.2.0.RELEASE.jar:/Users/huixing/repository/org/springframework/spring-jcl/5.2.0.RELEASE/spring-jcl-5.2.0.RELEASE.jar:/Users/huixing/repository/org/springframework/spring-test/5.2.0.RELEASE/spring-test-5.2.0.RELEASE.jar:/Users/huixing/repository/org/xmlunit/xmlunit-core/2.6.3/xmlunit-core-2.6.3.jar:/Users/huixing/repository/org/springframework/kafka/spring-kafka-test/2.3.1.RELEASE/spring-kafka-test-2.3.1.RELEASE.jar:/Users/huixing/repository/org/apache/kafka/kafka-clients/2.3.0/kafka-clients-2.3.0-test.jar:/Users/huixing/repository/org/apache/kafka/kafka-streams-test-utils/2.3.0/kafka-streams-test-utils-2.3.0.jar:/Users/huixing/repository/org/apache/kafka/kafka_2.12/2.3.0/kafka_2.12-2.3.0.jar:/Users/huixing/repository/com/fasterxml/jackson/module/jackson-module-scala_2.12/2.10.0/jackson-module-scala_2.12-2.10.0.jar:/Users/huixing/repository/com/fasterxml/jackson/module/jackson-module-paranamer/2.10.0/jackson-module-paranamer-2.10.0.jar:/Users/huixing/repository/com/fasterxml/jackson/dataformat/jackson-dataformat-csv/2.10.0/jackson-dataformat-csv-2.10.0.jar:/Users/huixing/repository/net/sf/jopt-simple/jopt-simple/5.0.4/jopt-simple-5.0.4.jar:/Users/huixing/repository/com/yammer/metrics/metrics-core/2.2.0/metrics-core-2.2.0.jar:/Users/huixing/repository/org/scala-lang/scala-library/2.12.8/scala-library-2.12.8.jar:/Users/huixing/repository/org/scala-lang/scala-reflect/2.12.8/scala-reflect-2.12.8.jar:/Users/huixing/repository/com/typesafe/scala-logging/scala-logging_2.12/3.9.0/scala-logging_2.12-3.9.0.jar:/Users/huixing/repository/com/101tec/zkclient/0.11/zkclient-0.11.jar:/Users/huixing/repository/org/apache/kafka/kafka_2.12/2.3.0/kafka_2.12-2.3.0-test.jar:"/>
    <property name="sun.cpu.endian" value="little"/>
    <property name="user.home" value="/Users/huixing"/>
    <property name="user.language" value="zh"/>
    <property name="java.specification.vendor" value="Oracle Corporation"/>
    <property name="java.home" value="/Library/Java/JavaVirtualMachines/jdk1.8.0_171.jdk/Contents/Home/jre"/>
    <property name="basedir" value="/Users/huixing/githubProject/HOT-CAMERA/webservice"/>
    <property name="file.separator" value="/"/>
    <property name="line.separator" value="&#10;"/>
    <property name="java.vm.specification.vendor" value="Oracle Corporation"/>
    <property name="java.specification.name" value="Java Platform API Specification"/>
    <property name="java.awt.graphicsenv" value="sun.awt.CGraphicsEnvironment"/>
    <property name="surefire.real.class.path" value="/Users/huixing/githubProject/HOT-CAMERA/webservice/target/surefire/surefirebooter6882729063374076941.jar"/>
    <property name="sun.boot.class.path" value="/Library/Java/JavaVirtualMachines/jdk1.8.0_171.jdk/Contents/Home/jre/lib/resources.jar:/Library/Java/JavaVirtualMachines/jdk1.8.0_171.jdk/Contents/Home/jre/lib/rt.jar:/Library/Java/JavaVirtualMachines/jdk1.8.0_171.jdk/Contents/Home/jre/lib/sunrsasign.jar:/Library/Java/JavaVirtualMachines/jdk1.8.0_171.jdk/Contents/Home/jre/lib/jsse.jar:/Library/Java/JavaVirtualMachines/jdk1.8.0_171.jdk/Contents/Home/jre/lib/jce.jar:/Library/Java/JavaVirtualMachines/jdk1.8.0_171.jdk/Contents/Home/jre/lib/charsets.jar:/Library/Java/JavaVirtualMachines/jdk1.8.0_171.jdk/Contents/Home/jre/lib/jfr.jar:/Library/Java/JavaVirtualMachines/jdk1.8.0_171.jdk/Contents/Home/jre/classes"/>
    <property name="sun.management.compiler" value="HotSpot 64-Bit Tiered Compilers"/>
    <property name="java.runtime.version" value="1.8.0_171-b11"/>
    <property name="user.name" value="huixing"/>
    <property name="path.separator" value=":"/>
    <property name="os.version" value="10.13.3"/>
    <property name="java.endorsed.dirs" value="/Library/Java/JavaVirtualMachines/jdk1.8.0_171.jdk/Contents/Home/jre/lib/endorsed"/>
    <property name="java.runtime.name" value="Java(TM) SE Runtime Environment"/>
    <property name="file.encoding" value="UTF-8"/>
    <property name="java.vm.name" value="Java HotSpot(TM) 64-Bit Server VM"/>
    <property name="localRepository" value="/Users/huixing/repository"/>
    <property name="java.vendor.url.bug" value="http://bugreport.sun.com/bugreport/"/>
    <property name="java.io.tmpdir" value="/var/folders/q1/knjt_6m97gjd_3w7739gjh3w0000gn/T/"/>
    <property name="idea.version" value="2017.1.5"/>
    <property name="java.version" value="1.8.0_171"/>
    <property name="user.dir" value="/Users/huixing/githubProject/HOT-CAMERA/webservice"/>
    <property name="os.arch" value="x86_64"/>
    <property name="java.vm.specification.name" value="Java Virtual Machine Specification"/>
    <property name="java.awt.printerjob" value="sun.lwawt.macosx.CPrinterJob"/>
    <property name="user.language.format" value="en"/>
    <property name="sun.os.patch.level" value="unknown"/>
    <property name="java.library.path" value="/Users/huixing/Library/Java/Extensions:/Library/Java/Extensions:/Network/Library/Java/Extensions:/System/Library/Java/Extensions:/usr/lib/java:."/>
    <property name="java.vm.info" value="mixed mode"/>
    <property name="java.vendor" value="Oracle Corporation"/>
    <property name="java.vm.version" value="25.171-b11"/>
    <property name="java.ext.dirs" value="/Users/huixing/Library/Java/Extensions:/Library/Java/JavaVirtualMachines/jdk1.8.0_171.jdk/Contents/Home/jre/lib/ext:/Library/Java/Extensions:/Network/Library/Java/Extensions:/System/Library/Java/Extensions:/usr/lib/java"/>
    <property name="sun.io.unicode.encoding" value="UnicodeBig"/>
    <property name="maven.repo.local" value="/Users/huixing/repository"/>
    <property name="java.class.version" value="52.0"/>
  </properties>
  <testcase name="testWeedFS" classname="com.point.webserviceTest.WeedFSTest" time="0.001">
    <error message="Failed to load ApplicationContext" type="java.lang.IllegalStateException">java.lang.IllegalStateException: Failed to load ApplicationContext
Caused by: org.springframework.beans.factory.UnsatisfiedDependencyException: Error creating bean with name 'sysParamManager': Unsatisfied dependency expressed through field 'dbAccessor'; nested exception is org.springframework.beans.factory.BeanCreationException: Error creating bean with name 'RDBAccessor' defined in URL [jar:file:/Users/huixing/repository/com/point/common/1.0-SNAPSHOT/common-1.0-SNAPSHOT.jar!/com/point/common/database/accessor/RDBAccessor.class]: Bean instantiation via constructor failed; nested exception is org.springframework.beans.BeanInstantiationException: Failed to instantiate [com.point.common.database.accessor.RDBAccessor]: Constructor threw exception; nested exception is java.lang.NullPointerException
Caused by: org.springframework.beans.factory.BeanCreationException: Error creating bean with name 'RDBAccessor' defined in URL [jar:file:/Users/huixing/repository/com/point/common/1.0-SNAPSHOT/common-1.0-SNAPSHOT.jar!/com/point/common/database/accessor/RDBAccessor.class]: Bean instantiation via constructor failed; nested exception is org.springframework.beans.BeanInstantiationException: Failed to instantiate [com.point.common.database.accessor.RDBAccessor]: Constructor threw exception; nested exception is java.lang.NullPointerException
Caused by: org.springframework.beans.BeanInstantiationException: Failed to instantiate [com.point.common.database.accessor.RDBAccessor]: Constructor threw exception; nested exception is java.lang.NullPointerException
Caused by: java.lang.NullPointerException
</error>
    <system-out><![CDATA[09:02:56.012 [main] DEBUG org.springframework.test.context.junit4.SpringJUnit4ClassRunner - SpringJUnit4ClassRunner constructor called with [class com.point.webserviceTest.WeedFSTest]
09:02:56.016 [main] DEBUG org.springframework.test.context.BootstrapUtils - Instantiating CacheAwareContextLoaderDelegate from class [org.springframework.test.context.cache.DefaultCacheAwareContextLoaderDelegate]
09:02:56.025 [main] DEBUG org.springframework.test.context.BootstrapUtils - Instantiating BootstrapContext using constructor [public org.springframework.test.context.support.DefaultBootstrapContext(java.lang.Class,org.springframework.test.context.CacheAwareContextLoaderDelegate)]
09:02:56.066 [main] DEBUG org.springframework.test.context.BootstrapUtils - Instantiating TestContextBootstrapper for test class [com.point.webserviceTest.WeedFSTest] from class [org.springframework.boot.test.context.SpringBootTestContextBootstrapper]
09:02:56.087 [main] INFO org.springframework.boot.test.context.SpringBootTestContextBootstrapper - Neither @ContextConfiguration nor @ContextHierarchy found for test class [com.point.webserviceTest.WeedFSTest], using SpringBootContextLoader
09:02:56.092 [main] DEBUG org.springframework.test.context.support.AbstractContextLoader - Did not detect default resource location for test class [com.point.webserviceTest.WeedFSTest]: class path resource [com/point/webserviceTest/WeedFSTest-context.xml] does not exist
09:02:56.093 [main] DEBUG org.springframework.test.context.support.AbstractContextLoader - Did not detect default resource location for test class [com.point.webserviceTest.WeedFSTest]: class path resource [com/point/webserviceTest/WeedFSTestContext.groovy] does not exist
09:02:56.093 [main] INFO org.springframework.test.context.support.AbstractContextLoader - Could not detect default resource locations for test class [com.point.webserviceTest.WeedFSTest]: no resource found for suffixes {-context.xml, Context.groovy}.
09:02:56.154 [main] DEBUG org.springframework.test.context.support.ActiveProfilesUtils - Could not find an 'annotation declaring class' for annotation type [org.springframework.test.context.ActiveProfiles] and class [com.point.webserviceTest.WeedFSTest]
09:02:56.326 [main] DEBUG org.springframework.boot.test.context.SpringBootTestContextBootstrapper - @TestExecutionListeners is not present for class [com.point.webserviceTest.WeedFSTest]: using defaults.
09:02:56.326 [main] INFO org.springframework.boot.test.context.SpringBootTestContextBootstrapper - Loaded default TestExecutionListener class names from location [META-INF/spring.factories]: [org.springframework.boot.test.mock.mockito.MockitoTestExecutionListener, org.springframework.boot.test.mock.mockito.ResetMocksTestExecutionListener, org.springframework.boot.test.autoconfigure.restdocs.RestDocsTestExecutionListener, org.springframework.boot.test.autoconfigure.web.client.MockRestServiceServerResetTestExecutionListener, org.springframework.boot.test.autoconfigure.web.servlet.MockMvcPrintOnlyOnFailureTestExecutionListener, org.springframework.boot.test.autoconfigure.web.servlet.WebDriverTestExecutionListener, org.springframework.test.context.web.ServletTestExecutionListener, org.springframework.test.context.support.DirtiesContextBeforeModesTestExecutionListener, org.springframework.test.context.support.DependencyInjectionTestExecutionListener, org.springframework.test.context.support.DirtiesContextTestExecutionListener, org.springframework.test.context.transaction.TransactionalTestExecutionListener, org.springframework.test.context.jdbc.SqlScriptsTestExecutionListener, org.springframework.test.context.event.EventPublishingTestExecutionListener]
09:02:56.343 [main] INFO org.springframework.boot.test.context.SpringBootTestContextBootstrapper - Using TestExecutionListeners: [org.springframework.test.context.web.ServletTestExecutionListener@26275bef, org.springframework.test.context.support.DirtiesContextBeforeModesTestExecutionListener@7690781, org.springframework.boot.test.mock.mockito.MockitoTestExecutionListener@77eca502, org.springframework.boot.test.autoconfigure.SpringBootDependencyInjectionTestExecutionListener@3246fb96, org.springframework.test.context.support.DirtiesContextTestExecutionListener@2e222612, org.springframework.test.context.transaction.TransactionalTestExecutionListener@61386958, org.springframework.test.context.jdbc.SqlScriptsTestExecutionListener@73ee04c8, org.springframework.test.context.event.EventPublishingTestExecutionListener@7671cb68, org.springframework.boot.test.mock.mockito.ResetMocksTestExecutionListener@49dc7102, org.springframework.boot.test.autoconfigure.restdocs.RestDocsTestExecutionListener@6b8ca3c8, org.springframework.boot.test.autoconfigure.web.client.MockRestServiceServerResetTestExecutionListener@68c72235, org.springframework.boot.test.autoconfigure.web.servlet.MockMvcPrintOnlyOnFailureTestExecutionListener@10959ece, org.springframework.boot.test.autoconfigure.web.servlet.WebDriverTestExecutionListener@3a6bb9bf]
09:02:56.344 [main] DEBUG org.springframework.test.annotation.ProfileValueUtils - Retrieved @ProfileValueSourceConfiguration [null] for test class [com.point.webserviceTest.WeedFSTest]
09:02:56.345 [main] DEBUG org.springframework.test.annotation.ProfileValueUtils - Retrieved ProfileValueSource type [class org.springframework.test.annotation.SystemProfileValueSource] for class [com.point.webserviceTest.WeedFSTest]
09:02:56.347 [main] DEBUG org.springframework.test.annotation.ProfileValueUtils - Retrieved @ProfileValueSourceConfiguration [null] for test class [com.point.webserviceTest.WeedFSTest]
09:02:56.347 [main] DEBUG org.springframework.test.annotation.ProfileValueUtils - Retrieved ProfileValueSource type [class org.springframework.test.annotation.SystemProfileValueSource] for class [com.point.webserviceTest.WeedFSTest]
09:02:56.348 [main] DEBUG org.springframework.test.annotation.ProfileValueUtils - Retrieved @ProfileValueSourceConfiguration [null] for test class [com.point.webserviceTest.WeedFSTest]
09:02:56.348 [main] DEBUG org.springframework.test.annotation.ProfileValueUtils - Retrieved ProfileValueSource type [class org.springframework.test.annotation.SystemProfileValueSource] for class [com.point.webserviceTest.WeedFSTest]
09:02:56.351 [main] DEBUG org.springframework.test.context.support.AbstractDirtiesContextTestExecutionListener - Before test class: context [DefaultTestContext@272ed83b testClass = WeedFSTest, testInstance = [null], testMethod = [null], testException = [null], mergedContextConfiguration = [WebMergedContextConfiguration@41fecb8b testClass = WeedFSTest, locations = '{}', classes = '{class com.point.webservice.WebServiceApplication, class com.point.webservice.WebServiceApplication}', contextInitializerClasses = '[]', activeProfiles = '{}', propertySourceLocations = '{}', propertySourceProperties = '{org.springframework.boot.test.context.SpringBootTestContextBootstrapper=true}', contextCustomizers = set[org.springframework.boot.test.context.filter.ExcludeFilterContextCustomizer@44a664f2, org.springframework.boot.test.json.DuplicateJsonObjectContextCustomizerFactory$DuplicateJsonObjectContextCustomizer@6328d34a, org.springframework.boot.test.mock.mockito.MockitoContextCustomizer@0, org.springframework.boot.test.web.client.TestRestTemplateContextCustomizer@8e0379d, org.springframework.boot.test.autoconfigure.properties.PropertyMappingContextCustomizer@0, org.springframework.boot.test.autoconfigure.web.servlet.WebDriverContextCustomizerFactory$Customizer@1d548a08], resourceBasePath = 'src/main/webapp', contextLoader = 'org.springframework.boot.test.context.SpringBootContextLoader', parent = [null]], attributes = map['org.springframework.test.context.web.ServletTestExecutionListener.activateListener' -> true]], class annotated with @DirtiesContext [false] with mode [null].
09:02:56.353 [main] DEBUG org.springframework.test.annotation.ProfileValueUtils - Retrieved @ProfileValueSourceConfiguration [null] for test class [com.point.webserviceTest.WeedFSTest]
09:02:56.353 [main] DEBUG org.springframework.test.annotation.ProfileValueUtils - Retrieved ProfileValueSource type [class org.springframework.test.annotation.SystemProfileValueSource] for class [com.point.webserviceTest.WeedFSTest]
09:02:56.387 [main] DEBUG org.springframework.test.context.support.TestPropertySourceUtils - Adding inlined properties to environment: {spring.jmx.enabled=false, org.springframework.boot.test.context.SpringBootTestContextBootstrapper=true, server.port=-1}
::::    ::: ::::::::      ::::::::: :::    ::: ::::::::  ::::::::: ::::    ::: ::::::::      ::::::::: :::    ::: ::::::::  :::::::::  
:+:+:   :+::+:    :+:     :+:    :+::+:    :+::+:    :+::+:     :+::+:+:   :+::+:    :+:     :+:    :+::+:    :+::+:    :+::+:     :+: 
:+:+:+  +:++:+    +:+     +:+    +:++:+    +:++:+              +:+ :+:+:+  +:++:+    +:+     +:+    +:++:+    +:++:+              +:+  
+#+ +:+ +#++#+    +:+     +#++:++#+ +#+    +:+:#:             +#+  +#+ +:+ +#++#+    +:+     +#++:++#+ +#+    +:+:#:             +#+   
+#+  +#+#+#+#+    +#+     +#+    +#++#+    +#++#+   +#+#    +#+    +#+  +#+#+#+#+    +#+     +#+    +#++#+    +#++#+   +#+#    +#+     
#+#   #+#+##+#    #+#     #+#    #+##+#    #+##+#    #+#           #+#   #+#+##+#    #+#     #+#    #+##+#    #+##+#    #+#            
###    #### ########      #########  ########  ########     ###    ###    #### ########      #########  ########  ########     ###     

2019-11-02 09:02:56.730  INFO 50504 --- [           main] com.point.webserviceTest.WeedFSTest      : Starting WeedFSTest on hadoop_t with PID 50504 (started by huixing in /Users/huixing/githubProject/HOT-CAMERA/webservice)
2019-11-02 09:02:56.732  INFO 50504 --- [           main] com.point.webserviceTest.WeedFSTest      : The following profiles are active: database,accept
2019-11-02 09:02:57.453  WARN 50504 --- [           main] o.m.s.mapper.ClassPathMapperScanner      : No MyBatis mapper was found in '[com.point.db.dao, com.point.db.dao.ext]' package. Please check your configuration.
2019-11-02 09:02:57.598  WARN 50504 --- [           main] o.m.s.mapper.ClassPathMapperScanner      : No MyBatis mapper was found in '[com.point.common.maintenance, com.point.common.cache, com.point.webservice]' package. Please check your configuration.
2019-11-02 09:02:58.433  WARN 50504 --- [           main] o.s.w.c.s.GenericWebApplicationContext   : Exception encountered during context initialization - cancelling refresh attempt: org.springframework.beans.factory.UnsatisfiedDependencyException: Error creating bean with name 'sysParamManager': Unsatisfied dependency expressed through field 'dbAccessor'; nested exception is org.springframework.beans.factory.BeanCreationException: Error creating bean with name 'RDBAccessor' defined in URL [jar:file:/Users/huixing/repository/com/point/common/1.0-SNAPSHOT/common-1.0-SNAPSHOT.jar!/com/point/common/database/accessor/RDBAccessor.class]: Bean instantiation via constructor failed; nested exception is org.springframework.beans.BeanInstantiationException: Failed to instantiate [com.point.common.database.accessor.RDBAccessor]: Constructor threw exception; nested exception is java.lang.NullPointerException
2019-11-02 09:02:58.444  INFO 50504 --- [           main] ConditionEvaluationReportLoggingListener : 

Error starting ApplicationContext. To display the conditions report re-run your application with 'debug' enabled.
2019-11-02 09:02:58.451 ERROR 50504 --- [           main] o.s.boot.SpringApplication               : Application run failed

org.springframework.beans.factory.UnsatisfiedDependencyException: Error creating bean with name 'sysParamManager': Unsatisfied dependency expressed through field 'dbAccessor'; nested exception is org.springframework.beans.factory.BeanCreationException: Error creating bean with name 'RDBAccessor' defined in URL [jar:file:/Users/huixing/repository/com/point/common/1.0-SNAPSHOT/common-1.0-SNAPSHOT.jar!/com/point/common/database/accessor/RDBAccessor.class]: Bean instantiation via constructor failed; nested exception is org.springframework.beans.BeanInstantiationException: Failed to instantiate [com.point.common.database.accessor.RDBAccessor]: Constructor threw exception; nested exception is java.lang.NullPointerException
	at org.springframework.beans.factory.annotation.AutowiredAnnotationBeanPostProcessor$AutowiredFieldElement.inject(AutowiredAnnotationBeanPostProcessor.java:639) ~[spring-beans-5.2.0.RELEASE.jar:5.2.0.RELEASE]
	at org.springframework.beans.factory.annotation.InjectionMetadata.inject(InjectionMetadata.java:116) ~[spring-beans-5.2.0.RELEASE.jar:5.2.0.RELEASE]
	at org.springframework.beans.factory.annotation.AutowiredAnnotationBeanPostProcessor.postProcessProperties(AutowiredAnnotationBeanPostProcessor.java:397) ~[spring-beans-5.2.0.RELEASE.jar:5.2.0.RELEASE]
	at org.springframework.beans.factory.support.AbstractAutowireCapableBeanFactory.populateBean(AbstractAutowireCapableBeanFactory.java:1429) ~[spring-beans-5.2.0.RELEASE.jar:5.2.0.RELEASE]
	at org.springframework.beans.factory.support.AbstractAutowireCapableBeanFactory.doCreateBean(AbstractAutowireCapableBeanFactory.java:594) ~[spring-beans-5.2.0.RELEASE.jar:5.2.0.RELEASE]
	at org.springframework.beans.factory.support.AbstractAutowireCapableBeanFactory.createBean(AbstractAutowireCapableBeanFactory.java:517) ~[spring-beans-5.2.0.RELEASE.jar:5.2.0.RELEASE]
	at org.springframework.beans.factory.support.AbstractBeanFactory.lambda$doGetBean$0(AbstractBeanFactory.java:323) ~[spring-beans-5.2.0.RELEASE.jar:5.2.0.RELEASE]
	at org.springframework.beans.factory.support.DefaultSingletonBeanRegistry.getSingleton(DefaultSingletonBeanRegistry.java:222) ~[spring-beans-5.2.0.RELEASE.jar:5.2.0.RELEASE]
	at org.springframework.beans.factory.support.AbstractBeanFactory.doGetBean(AbstractBeanFactory.java:321) ~[spring-beans-5.2.0.RELEASE.jar:5.2.0.RELEASE]
	at org.springframework.beans.factory.support.AbstractBeanFactory.getBean(AbstractBeanFactory.java:202) ~[spring-beans-5.2.0.RELEASE.jar:5.2.0.RELEASE]
	at org.springframework.beans.factory.support.DefaultListableBeanFactory.preInstantiateSingletons(DefaultListableBeanFactory.java:879) ~[spring-beans-5.2.0.RELEASE.jar:5.2.0.RELEASE]
	at org.springframework.context.support.AbstractApplicationContext.finishBeanFactoryInitialization(AbstractApplicationContext.java:878) ~[spring-context-5.2.0.RELEASE.jar:5.2.0.RELEASE]
	at org.springframework.context.support.AbstractApplicationContext.refresh(AbstractApplicationContext.java:550) ~[spring-context-5.2.0.RELEASE.jar:5.2.0.RELEASE]
	at org.springframework.boot.SpringApplication.refresh(SpringApplication.java:747) ~[spring-boot-2.2.0.RELEASE.jar:2.2.0.RELEASE]
	at org.springframework.boot.SpringApplication.refreshContext(SpringApplication.java:397) ~[spring-boot-2.2.0.RELEASE.jar:2.2.0.RELEASE]
	at org.springframework.boot.SpringApplication.run(SpringApplication.java:315) ~[spring-boot-2.2.0.RELEASE.jar:2.2.0.RELEASE]
	at org.springframework.boot.test.context.SpringBootContextLoader.loadContext(SpringBootContextLoader.java:125) [spring-boot-test-2.2.0.RELEASE.jar:2.2.0.RELEASE]
	at org.springframework.test.context.cache.DefaultCacheAwareContextLoaderDelegate.loadContextInternal(DefaultCacheAwareContextLoaderDelegate.java:99) [spring-test-5.2.0.RELEASE.jar:5.2.0.RELEASE]
	at org.springframework.test.context.cache.DefaultCacheAwareContextLoaderDelegate.loadContext(DefaultCacheAwareContextLoaderDelegate.java:124) [spring-test-5.2.0.RELEASE.jar:5.2.0.RELEASE]
	at org.springframework.test.context.support.DefaultTestContext.getApplicationContext(DefaultTestContext.java:123) [spring-test-5.2.0.RELEASE.jar:5.2.0.RELEASE]
	at org.springframework.test.context.web.ServletTestExecutionListener.setUpRequestContextIfNecessary(ServletTestExecutionListener.java:190) [spring-test-5.2.0.RELEASE.jar:5.2.0.RELEASE]
	at org.springframework.test.context.web.ServletTestExecutionListener.prepareTestInstance(ServletTestExecutionListener.java:132) [spring-test-5.2.0.RELEASE.jar:5.2.0.RELEASE]
	at org.springframework.test.context.TestContextManager.prepareTestInstance(TestContextManager.java:244) [spring-test-5.2.0.RELEASE.jar:5.2.0.RELEASE]
	at org.springframework.test.context.junit4.SpringJUnit4ClassRunner.createTest(SpringJUnit4ClassRunner.java:227) [spring-test-5.2.0.RELEASE.jar:5.2.0.RELEASE]
	at org.springframework.test.context.junit4.SpringJUnit4ClassRunner$1.runReflectiveCall(SpringJUnit4ClassRunner.java:289) [spring-test-5.2.0.RELEASE.jar:5.2.0.RELEASE]
	at org.junit.internal.runners.model.ReflectiveCallable.run(ReflectiveCallable.java:12) [junit-4.12.jar:4.12]
	at org.springframework.test.context.junit4.SpringJUnit4ClassRunner.methodBlock(SpringJUnit4ClassRunner.java:291) [spring-test-5.2.0.RELEASE.jar:5.2.0.RELEASE]
	at org.springframework.test.context.junit4.SpringJUnit4ClassRunner.runChild(SpringJUnit4ClassRunner.java:246) [spring-test-5.2.0.RELEASE.jar:5.2.0.RELEASE]
	at org.springframework.test.context.junit4.SpringJUnit4ClassRunner.runChild(SpringJUnit4ClassRunner.java:97) [spring-test-5.2.0.RELEASE.jar:5.2.0.RELEASE]
	at org.junit.runners.ParentRunner$3.run(ParentRunner.java:290) [junit-4.12.jar:4.12]
	at org.junit.runners.ParentRunner$1.schedule(ParentRunner.java:71) [junit-4.12.jar:4.12]
	at org.junit.runners.ParentRunner.runChildren(ParentRunner.java:288) [junit-4.12.jar:4.12]
	at org.junit.runners.ParentRunner.access$000(ParentRunner.java:58) [junit-4.12.jar:4.12]
	at org.junit.runners.ParentRunner$2.evaluate(ParentRunner.java:268) [junit-4.12.jar:4.12]
	at org.springframework.test.context.junit4.statements.RunBeforeTestClassCallbacks.evaluate(RunBeforeTestClassCallbacks.java:61) [spring-test-5.2.0.RELEASE.jar:5.2.0.RELEASE]
	at org.springframework.test.context.junit4.statements.RunAfterTestClassCallbacks.evaluate(RunAfterTestClassCallbacks.java:70) [spring-test-5.2.0.RELEASE.jar:5.2.0.RELEASE]
	at org.junit.runners.ParentRunner.run(ParentRunner.java:363) [junit-4.12.jar:4.12]
	at org.springframework.test.context.junit4.SpringJUnit4ClassRunner.run(SpringJUnit4ClassRunner.java:190) [spring-test-5.2.0.RELEASE.jar:5.2.0.RELEASE]
	at org.apache.maven.surefire.junit4.JUnit4Provider.execute(JUnit4Provider.java:365) [surefire-junit4-2.22.2.jar:2.22.2]
	at org.apache.maven.surefire.junit4.JUnit4Provider.executeWithRerun(JUnit4Provider.java:273) [surefire-junit4-2.22.2.jar:2.22.2]
	at org.apache.maven.surefire.junit4.JUnit4Provider.executeTestSet(JUnit4Provider.java:238) [surefire-junit4-2.22.2.jar:2.22.2]
	at org.apache.maven.surefire.junit4.JUnit4Provider.invoke(JUnit4Provider.java:159) [surefire-junit4-2.22.2.jar:2.22.2]
	at org.apache.maven.surefire.booter.ForkedBooter.invokeProviderInSameClassLoader(ForkedBooter.java:384) [surefire-booter-2.22.2.jar:2.22.2]
	at org.apache.maven.surefire.booter.ForkedBooter.runSuitesInProcess(ForkedBooter.java:345) [surefire-booter-2.22.2.jar:2.22.2]
	at org.apache.maven.surefire.booter.ForkedBooter.execute(ForkedBooter.java:126) [surefire-booter-2.22.2.jar:2.22.2]
	at org.apache.maven.surefire.booter.ForkedBooter.main(ForkedBooter.java:418) [surefire-booter-2.22.2.jar:2.22.2]
Caused by: org.springframework.beans.factory.BeanCreationException: Error creating bean with name 'RDBAccessor' defined in URL [jar:file:/Users/huixing/repository/com/point/common/1.0-SNAPSHOT/common-1.0-SNAPSHOT.jar!/com/point/common/database/accessor/RDBAccessor.class]: Bean instantiation via constructor failed; nested exception is org.springframework.beans.BeanInstantiationException: Failed to instantiate [com.point.common.database.accessor.RDBAccessor]: Constructor threw exception; nested exception is java.lang.NullPointerException
	at org.springframework.beans.factory.support.ConstructorResolver.instantiate(ConstructorResolver.java:312) ~[spring-beans-5.2.0.RELEASE.jar:5.2.0.RELEASE]
	at org.springframework.beans.factory.support.ConstructorResolver.autowireConstructor(ConstructorResolver.java:293) ~[spring-beans-5.2.0.RELEASE.jar:5.2.0.RELEASE]
	at org.springframework.beans.factory.support.AbstractAutowireCapableBeanFactory.autowireConstructor(AbstractAutowireCapableBeanFactory.java:1358) ~[spring-beans-5.2.0.RELEASE.jar:5.2.0.RELEASE]
	at org.springframework.beans.factory.support.AbstractAutowireCapableBeanFactory.createBeanInstance(AbstractAutowireCapableBeanFactory.java:1204) ~[spring-beans-5.2.0.RELEASE.jar:5.2.0.RELEASE]
	at org.springframework.beans.factory.support.AbstractAutowireCapableBeanFactory.doCreateBean(AbstractAutowireCapableBeanFactory.java:557) ~[spring-beans-5.2.0.RELEASE.jar:5.2.0.RELEASE]
	at org.springframework.beans.factory.support.AbstractAutowireCapableBeanFactory.createBean(AbstractAutowireCapableBeanFactory.java:517) ~[spring-beans-5.2.0.RELEASE.jar:5.2.0.RELEASE]
	at org.springframework.beans.factory.support.AbstractBeanFactory.lambda$doGetBean$0(AbstractBeanFactory.java:323) ~[spring-beans-5.2.0.RELEASE.jar:5.2.0.RELEASE]
	at org.springframework.beans.factory.support.DefaultSingletonBeanRegistry.getSingleton(DefaultSingletonBeanRegistry.java:222) ~[spring-beans-5.2.0.RELEASE.jar:5.2.0.RELEASE]
	at org.springframework.beans.factory.support.AbstractBeanFactory.doGetBean(AbstractBeanFactory.java:321) ~[spring-beans-5.2.0.RELEASE.jar:5.2.0.RELEASE]
	at org.springframework.beans.factory.support.AbstractBeanFactory.getBean(AbstractBeanFactory.java:202) ~[spring-beans-5.2.0.RELEASE.jar:5.2.0.RELEASE]
	at org.springframework.beans.factory.config.DependencyDescriptor.resolveCandidate(DependencyDescriptor.java:276) ~[spring-beans-5.2.0.RELEASE.jar:5.2.0.RELEASE]
	at org.springframework.beans.factory.support.DefaultListableBeanFactory.doResolveDependency(DefaultListableBeanFactory.java:1287) ~[spring-beans-5.2.0.RELEASE.jar:5.2.0.RELEASE]
	at org.springframework.beans.factory.support.DefaultListableBeanFactory.resolveDependency(DefaultListableBeanFactory.java:1207) ~[spring-beans-5.2.0.RELEASE.jar:5.2.0.RELEASE]
	at org.springframework.beans.factory.annotation.AutowiredAnnotationBeanPostProcessor$AutowiredFieldElement.inject(AutowiredAnnotationBeanPostProcessor.java:636) ~[spring-beans-5.2.0.RELEASE.jar:5.2.0.RELEASE]
	... 45 common frames omitted
Caused by: org.springframework.beans.BeanInstantiationException: Failed to instantiate [com.point.common.database.accessor.RDBAccessor]: Constructor threw exception; nested exception is java.lang.NullPointerException
	at org.springframework.beans.BeanUtils.instantiateClass(BeanUtils.java:213) ~[spring-beans-5.2.0.RELEASE.jar:5.2.0.RELEASE]
	at org.springframework.beans.factory.support.SimpleInstantiationStrategy.instantiate(SimpleInstantiationStrategy.java:117) ~[spring-beans-5.2.0.RELEASE.jar:5.2.0.RELEASE]
	at org.springframework.beans.factory.support.ConstructorResolver.instantiate(ConstructorResolver.java:308) ~[spring-beans-5.2.0.RELEASE.jar:5.2.0.RELEASE]
	... 58 common frames omitted
Caused by: java.lang.NullPointerException: null
	at com.point.common.application.AppContextSupport.registerBean(AppContextSupport.java:155) ~[common-1.0-SNAPSHOT.jar:1.0-SNAPSHOT]
	at com.point.common.application.AppContextSupport.getBean(AppContextSupport.java:76) ~[common-1.0-SNAPSHOT.jar:1.0-SNAPSHOT]
	at com.point.common.database.accessor.AbstractAccessor.createAccessor(AbstractAccessor.java:58) ~[common-1.0-SNAPSHOT.jar:1.0-SNAPSHOT]
	at com.point.common.database.accessor.AbstractAccessor.<init>(AbstractAccessor.java:36) ~[common-1.0-SNAPSHOT.jar:1.0-SNAPSHOT]
	at com.point.common.database.accessor.RDBAccessor.<init>(RDBAccessor.java:20) ~[common-1.0-SNAPSHOT.jar:1.0-SNAPSHOT]
	at sun.reflect.NativeConstructorAccessorImpl.newInstance0(Native Method) ~[na:1.8.0_171]
	at sun.reflect.NativeConstructorAccessorImpl.newInstance(NativeConstructorAccessorImpl.java:62) ~[na:1.8.0_171]
	at sun.reflect.DelegatingConstructorAccessorImpl.newInstance(DelegatingConstructorAccessorImpl.java:45) ~[na:1.8.0_171]
	at java.lang.reflect.Constructor.newInstance(Constructor.java:423) ~[na:1.8.0_171]
	at org.springframework.beans.BeanUtils.instantiateClass(BeanUtils.java:200) ~[spring-beans-5.2.0.RELEASE.jar:5.2.0.RELEASE]
	... 60 common frames omitted

2019-11-02 09:02:58.454 ERROR 50504 --- [           main] o.s.test.context.TestContextManager      : Caught exception while allowing TestExecutionListener [org.springframework.test.context.web.ServletTestExecutionListener@26275bef] to prepare test instance [com.point.webserviceTest.WeedFSTest@5e048149]

java.lang.IllegalStateException: Failed to load ApplicationContext
	at org.springframework.test.context.cache.DefaultCacheAwareContextLoaderDelegate.loadContext(DefaultCacheAwareContextLoaderDelegate.java:132) ~[spring-test-5.2.0.RELEASE.jar:5.2.0.RELEASE]
	at org.springframework.test.context.support.DefaultTestContext.getApplicationContext(DefaultTestContext.java:123) ~[spring-test-5.2.0.RELEASE.jar:5.2.0.RELEASE]
	at org.springframework.test.context.web.ServletTestExecutionListener.setUpRequestContextIfNecessary(ServletTestExecutionListener.java:190) ~[spring-test-5.2.0.RELEASE.jar:5.2.0.RELEASE]
	at org.springframework.test.context.web.ServletTestExecutionListener.prepareTestInstance(ServletTestExecutionListener.java:132) ~[spring-test-5.2.0.RELEASE.jar:5.2.0.RELEASE]
	at org.springframework.test.context.TestContextManager.prepareTestInstance(TestContextManager.java:244) ~[spring-test-5.2.0.RELEASE.jar:5.2.0.RELEASE]
	at org.springframework.test.context.junit4.SpringJUnit4ClassRunner.createTest(SpringJUnit4ClassRunner.java:227) [spring-test-5.2.0.RELEASE.jar:5.2.0.RELEASE]
	at org.springframework.test.context.junit4.SpringJUnit4ClassRunner$1.runReflectiveCall(SpringJUnit4ClassRunner.java:289) [spring-test-5.2.0.RELEASE.jar:5.2.0.RELEASE]
	at org.junit.internal.runners.model.ReflectiveCallable.run(ReflectiveCallable.java:12) [junit-4.12.jar:4.12]
	at org.springframework.test.context.junit4.SpringJUnit4ClassRunner.methodBlock(SpringJUnit4ClassRunner.java:291) [spring-test-5.2.0.RELEASE.jar:5.2.0.RELEASE]
	at org.springframework.test.context.junit4.SpringJUnit4ClassRunner.runChild(SpringJUnit4ClassRunner.java:246) [spring-test-5.2.0.RELEASE.jar:5.2.0.RELEASE]
	at org.springframework.test.context.junit4.SpringJUnit4ClassRunner.runChild(SpringJUnit4ClassRunner.java:97) [spring-test-5.2.0.RELEASE.jar:5.2.0.RELEASE]
	at org.junit.runners.ParentRunner$3.run(ParentRunner.java:290) [junit-4.12.jar:4.12]
	at org.junit.runners.ParentRunner$1.schedule(ParentRunner.java:71) [junit-4.12.jar:4.12]
	at org.junit.runners.ParentRunner.runChildren(ParentRunner.java:288) [junit-4.12.jar:4.12]
	at org.junit.runners.ParentRunner.access$000(ParentRunner.java:58) [junit-4.12.jar:4.12]
	at org.junit.runners.ParentRunner$2.evaluate(ParentRunner.java:268) [junit-4.12.jar:4.12]
	at org.springframework.test.context.junit4.statements.RunBeforeTestClassCallbacks.evaluate(RunBeforeTestClassCallbacks.java:61) [spring-test-5.2.0.RELEASE.jar:5.2.0.RELEASE]
	at org.springframework.test.context.junit4.statements.RunAfterTestClassCallbacks.evaluate(RunAfterTestClassCallbacks.java:70) [spring-test-5.2.0.RELEASE.jar:5.2.0.RELEASE]
	at org.junit.runners.ParentRunner.run(ParentRunner.java:363) [junit-4.12.jar:4.12]
	at org.springframework.test.context.junit4.SpringJUnit4ClassRunner.run(SpringJUnit4ClassRunner.java:190) [spring-test-5.2.0.RELEASE.jar:5.2.0.RELEASE]
	at org.apache.maven.surefire.junit4.JUnit4Provider.execute(JUnit4Provider.java:365) [surefire-junit4-2.22.2.jar:2.22.2]
	at org.apache.maven.surefire.junit4.JUnit4Provider.executeWithRerun(JUnit4Provider.java:273) [surefire-junit4-2.22.2.jar:2.22.2]
	at org.apache.maven.surefire.junit4.JUnit4Provider.executeTestSet(JUnit4Provider.java:238) [surefire-junit4-2.22.2.jar:2.22.2]
	at org.apache.maven.surefire.junit4.JUnit4Provider.invoke(JUnit4Provider.java:159) [surefire-junit4-2.22.2.jar:2.22.2]
	at org.apache.maven.surefire.booter.ForkedBooter.invokeProviderInSameClassLoader(ForkedBooter.java:384) [surefire-booter-2.22.2.jar:2.22.2]
	at org.apache.maven.surefire.booter.ForkedBooter.runSuitesInProcess(ForkedBooter.java:345) [surefire-booter-2.22.2.jar:2.22.2]
	at org.apache.maven.surefire.booter.ForkedBooter.execute(ForkedBooter.java:126) [surefire-booter-2.22.2.jar:2.22.2]
	at org.apache.maven.surefire.booter.ForkedBooter.main(ForkedBooter.java:418) [surefire-booter-2.22.2.jar:2.22.2]
Caused by: org.springframework.beans.factory.UnsatisfiedDependencyException: Error creating bean with name 'sysParamManager': Unsatisfied dependency expressed through field 'dbAccessor'; nested exception is org.springframework.beans.factory.BeanCreationException: Error creating bean with name 'RDBAccessor' defined in URL [jar:file:/Users/huixing/repository/com/point/common/1.0-SNAPSHOT/common-1.0-SNAPSHOT.jar!/com/point/common/database/accessor/RDBAccessor.class]: Bean instantiation via constructor failed; nested exception is org.springframework.beans.BeanInstantiationException: Failed to instantiate [com.point.common.database.accessor.RDBAccessor]: Constructor threw exception; nested exception is java.lang.NullPointerException
	at org.springframework.beans.factory.annotation.AutowiredAnnotationBeanPostProcessor$AutowiredFieldElement.inject(AutowiredAnnotationBeanPostProcessor.java:639) ~[spring-beans-5.2.0.RELEASE.jar:5.2.0.RELEASE]
	at org.springframework.beans.factory.annotation.InjectionMetadata.inject(InjectionMetadata.java:116) ~[spring-beans-5.2.0.RELEASE.jar:5.2.0.RELEASE]
	at org.springframework.beans.factory.annotation.AutowiredAnnotationBeanPostProcessor.postProcessProperties(AutowiredAnnotationBeanPostProcessor.java:397) ~[spring-beans-5.2.0.RELEASE.jar:5.2.0.RELEASE]
	at org.springframework.beans.factory.support.AbstractAutowireCapableBeanFactory.populateBean(AbstractAutowireCapableBeanFactory.java:1429) ~[spring-beans-5.2.0.RELEASE.jar:5.2.0.RELEASE]
	at org.springframework.beans.factory.support.AbstractAutowireCapableBeanFactory.doCreateBean(AbstractAutowireCapableBeanFactory.java:594) ~[spring-beans-5.2.0.RELEASE.jar:5.2.0.RELEASE]
	at org.springframework.beans.factory.support.AbstractAutowireCapableBeanFactory.createBean(AbstractAutowireCapableBeanFactory.java:517) ~[spring-beans-5.2.0.RELEASE.jar:5.2.0.RELEASE]
	at org.springframework.beans.factory.support.AbstractBeanFactory.lambda$doGetBean$0(AbstractBeanFactory.java:323) ~[spring-beans-5.2.0.RELEASE.jar:5.2.0.RELEASE]
	at org.springframework.beans.factory.support.DefaultSingletonBeanRegistry.getSingleton(DefaultSingletonBeanRegistry.java:222) ~[spring-beans-5.2.0.RELEASE.jar:5.2.0.RELEASE]
	at org.springframework.beans.factory.support.AbstractBeanFactory.doGetBean(AbstractBeanFactory.java:321) ~[spring-beans-5.2.0.RELEASE.jar:5.2.0.RELEASE]
	at org.springframework.beans.factory.support.AbstractBeanFactory.getBean(AbstractBeanFactory.java:202) ~[spring-beans-5.2.0.RELEASE.jar:5.2.0.RELEASE]
	at org.springframework.beans.factory.support.DefaultListableBeanFactory.preInstantiateSingletons(DefaultListableBeanFactory.java:879) ~[spring-beans-5.2.0.RELEASE.jar:5.2.0.RELEASE]
	at org.springframework.context.support.AbstractApplicationContext.finishBeanFactoryInitialization(AbstractApplicationContext.java:878) ~[spring-context-5.2.0.RELEASE.jar:5.2.0.RELEASE]
	at org.springframework.context.support.AbstractApplicationContext.refresh(AbstractApplicationContext.java:550) ~[spring-context-5.2.0.RELEASE.jar:5.2.0.RELEASE]
	at org.springframework.boot.SpringApplication.refresh(SpringApplication.java:747) ~[spring-boot-2.2.0.RELEASE.jar:2.2.0.RELEASE]
	at org.springframework.boot.SpringApplication.refreshContext(SpringApplication.java:397) ~[spring-boot-2.2.0.RELEASE.jar:2.2.0.RELEASE]
	at org.springframework.boot.SpringApplication.run(SpringApplication.java:315) ~[spring-boot-2.2.0.RELEASE.jar:2.2.0.RELEASE]
	at org.springframework.boot.test.context.SpringBootContextLoader.loadContext(SpringBootContextLoader.java:125) ~[spring-boot-test-2.2.0.RELEASE.jar:2.2.0.RELEASE]
	at org.springframework.test.context.cache.DefaultCacheAwareContextLoaderDelegate.loadContextInternal(DefaultCacheAwareContextLoaderDelegate.java:99) ~[spring-test-5.2.0.RELEASE.jar:5.2.0.RELEASE]
	at org.springframework.test.context.cache.DefaultCacheAwareContextLoaderDelegate.loadContext(DefaultCacheAwareContextLoaderDelegate.java:124) ~[spring-test-5.2.0.RELEASE.jar:5.2.0.RELEASE]
	... 27 common frames omitted
Caused by: org.springframework.beans.factory.BeanCreationException: Error creating bean with name 'RDBAccessor' defined in URL [jar:file:/Users/huixing/repository/com/point/common/1.0-SNAPSHOT/common-1.0-SNAPSHOT.jar!/com/point/common/database/accessor/RDBAccessor.class]: Bean instantiation via constructor failed; nested exception is org.springframework.beans.BeanInstantiationException: Failed to instantiate [com.point.common.database.accessor.RDBAccessor]: Constructor threw exception; nested exception is java.lang.NullPointerException
	at org.springframework.beans.factory.support.ConstructorResolver.instantiate(ConstructorResolver.java:312) ~[spring-beans-5.2.0.RELEASE.jar:5.2.0.RELEASE]
	at org.springframework.beans.factory.support.ConstructorResolver.autowireConstructor(ConstructorResolver.java:293) ~[spring-beans-5.2.0.RELEASE.jar:5.2.0.RELEASE]
	at org.springframework.beans.factory.support.AbstractAutowireCapableBeanFactory.autowireConstructor(AbstractAutowireCapableBeanFactory.java:1358) ~[spring-beans-5.2.0.RELEASE.jar:5.2.0.RELEASE]
	at org.springframework.beans.factory.support.AbstractAutowireCapableBeanFactory.createBeanInstance(AbstractAutowireCapableBeanFactory.java:1204) ~[spring-beans-5.2.0.RELEASE.jar:5.2.0.RELEASE]
	at org.springframework.beans.factory.support.AbstractAutowireCapableBeanFactory.doCreateBean(AbstractAutowireCapableBeanFactory.java:557) ~[spring-beans-5.2.0.RELEASE.jar:5.2.0.RELEASE]
	at org.springframework.beans.factory.support.AbstractAutowireCapableBeanFactory.createBean(AbstractAutowireCapableBeanFactory.java:517) ~[spring-beans-5.2.0.RELEASE.jar:5.2.0.RELEASE]
	at org.springframework.beans.factory.support.AbstractBeanFactory.lambda$doGetBean$0(AbstractBeanFactory.java:323) ~[spring-beans-5.2.0.RELEASE.jar:5.2.0.RELEASE]
	at org.springframework.beans.factory.support.DefaultSingletonBeanRegistry.getSingleton(DefaultSingletonBeanRegistry.java:222) ~[spring-beans-5.2.0.RELEASE.jar:5.2.0.RELEASE]
	at org.springframework.beans.factory.support.AbstractBeanFactory.doGetBean(AbstractBeanFactory.java:321) ~[spring-beans-5.2.0.RELEASE.jar:5.2.0.RELEASE]
	at org.springframework.beans.factory.support.AbstractBeanFactory.getBean(AbstractBeanFactory.java:202) ~[spring-beans-5.2.0.RELEASE.jar:5.2.0.RELEASE]
	at org.springframework.beans.factory.config.DependencyDescriptor.resolveCandidate(DependencyDescriptor.java:276) ~[spring-beans-5.2.0.RELEASE.jar:5.2.0.RELEASE]
	at org.springframework.beans.factory.support.DefaultListableBeanFactory.doResolveDependency(DefaultListableBeanFactory.java:1287) ~[spring-beans-5.2.0.RELEASE.jar:5.2.0.RELEASE]
	at org.springframework.beans.factory.support.DefaultListableBeanFactory.resolveDependency(DefaultListableBeanFactory.java:1207) ~[spring-beans-5.2.0.RELEASE.jar:5.2.0.RELEASE]
	at org.springframework.beans.factory.annotation.AutowiredAnnotationBeanPostProcessor$AutowiredFieldElement.inject(AutowiredAnnotationBeanPostProcessor.java:636) ~[spring-beans-5.2.0.RELEASE.jar:5.2.0.RELEASE]
	... 45 common frames omitted
Caused by: org.springframework.beans.BeanInstantiationException: Failed to instantiate [com.point.common.database.accessor.RDBAccessor]: Constructor threw exception; nested exception is java.lang.NullPointerException
	at org.springframework.beans.BeanUtils.instantiateClass(BeanUtils.java:213) ~[spring-beans-5.2.0.RELEASE.jar:5.2.0.RELEASE]
	at org.springframework.beans.factory.support.SimpleInstantiationStrategy.instantiate(SimpleInstantiationStrategy.java:117) ~[spring-beans-5.2.0.RELEASE.jar:5.2.0.RELEASE]
	at org.springframework.beans.factory.support.ConstructorResolver.instantiate(ConstructorResolver.java:308) ~[spring-beans-5.2.0.RELEASE.jar:5.2.0.RELEASE]
	... 58 common frames omitted
Caused by: java.lang.NullPointerException: null
	at com.point.common.application.AppContextSupport.registerBean(AppContextSupport.java:155) ~[common-1.0-SNAPSHOT.jar:1.0-SNAPSHOT]
	at com.point.common.application.AppContextSupport.getBean(AppContextSupport.java:76) ~[common-1.0-SNAPSHOT.jar:1.0-SNAPSHOT]
	at com.point.common.database.accessor.AbstractAccessor.createAccessor(AbstractAccessor.java:58) ~[common-1.0-SNAPSHOT.jar:1.0-SNAPSHOT]
	at com.point.common.database.accessor.AbstractAccessor.<init>(AbstractAccessor.java:36) ~[common-1.0-SNAPSHOT.jar:1.0-SNAPSHOT]
	at com.point.common.database.accessor.RDBAccessor.<init>(RDBAccessor.java:20) ~[common-1.0-SNAPSHOT.jar:1.0-SNAPSHOT]
	at sun.reflect.NativeConstructorAccessorImpl.newInstance0(Native Method) ~[na:1.8.0_171]
	at sun.reflect.NativeConstructorAccessorImpl.newInstance(NativeConstructorAccessorImpl.java:62) ~[na:1.8.0_171]
	at sun.reflect.DelegatingConstructorAccessorImpl.newInstance(DelegatingConstructorAccessorImpl.java:45) ~[na:1.8.0_171]
	at java.lang.reflect.Constructor.newInstance(Constructor.java:423) ~[na:1.8.0_171]
	at org.springframework.beans.BeanUtils.instantiateClass(BeanUtils.java:200) ~[spring-beans-5.2.0.RELEASE.jar:5.2.0.RELEASE]
	... 60 common frames omitted

]]></system-out>
    <system-err><![CDATA[SLF4J: Class path contains multiple SLF4J bindings.
SLF4J: Found binding in [jar:file:/Users/huixing/repository/ch/qos/logback/logback-classic/1.2.3/logback-classic-1.2.3.jar!/org/slf4j/impl/StaticLoggerBinder.class]
SLF4J: Found binding in [jar:file:/Users/huixing/repository/org/slf4j/slf4j-log4j12/1.7.28/slf4j-log4j12-1.7.28.jar!/org/slf4j/impl/StaticLoggerBinder.class]
SLF4J: See http://www.slf4j.org/codes.html#multiple_bindings for an explanation.
SLF4J: Actual binding is of type [ch.qos.logback.classic.util.ContextSelectorStaticBinder]
]]></system-err>
  </testcase>
</testsuite>